

Iteration [0]: 2024-05-28 19:53:36
Best score improved: *--> 31.033242069790226 <--*
Best params: [0.51481869 0.88771351 0.28888771 1.28613044 0.17678352 1.82786455]


Iteration [1]: 2024-05-28 19:53:43
Best score improved: *--> 30.13710518517733 <--*
Best params: [0.55050699 0.9173013  0.34750823 1.35967416 0.1665802  1.79665718]


Iteration [2]: 2024-05-28 19:53:50
Best score: 30.13710518517733
Best params: [0.55050699 0.9173013  0.34750823 1.35967416 0.1665802  1.79665718]


Iteration [3]: 2024-05-28 19:53:56
Best score improved: *--> 27.511352119386668 <--*
Best params: [0.31485942 0.61429629 1.07786955 1.41519248 0.39859975 1.76907653]


Iteration [4]: 2024-05-28 19:54:03
Best score improved: *--> 26.723291956725706 <--*
Best params: [0.45104395 0.99240085 0.99744607 1.16424306 0.20655654 1.78965631]


Iteration [5]: 2024-05-28 19:54:10
Best score improved: *--> 25.544543973507164 <--*
Best params: [0.50701201 1.18438145 0.8788665  1.00345168 0.16436842 1.74063193]


Iteration [6]: 2024-05-28 19:54:16
Best score: 25.544543973507164
Best params: [0.50701201 1.18438145 0.8788665  1.00345168 0.16436842 1.74063193]


Iteration [7]: 2024-05-28 19:54:24
Best score: 25.544543973507164
Best params: [0.50701201 1.18438145 0.8788665  1.00345168 0.16436842 1.74063193]


Iteration [8]: 2024-05-28 19:54:31
Best score improved: *--> 23.99767793317704 <--*
Best params: [0.48699969 1.13423253 0.94631199 1.02773388 0.19514138 1.68853692]


Iteration [9]: 2024-05-28 19:54:38
Best score: 23.99767793317704
Best params: [0.48699969 1.13423253 0.94631199 1.02773388 0.19514138 1.68853692]


Iteration [10]: 2024-05-28 19:54:45
Best score: 23.99767793317704
Best params: [0.48699969 1.13423253 0.94631199 1.02773388 0.19514138 1.68853692]


Iteration [11]: 2024-05-28 19:54:52
Best score: 23.99767793317704
Best params: [0.48699969 1.13423253 0.94631199 1.02773388 0.19514138 1.68853692]


Iteration [12]: 2024-05-28 19:54:58
Best score: 23.99767793317704
Best params: [0.48699969 1.13423253 0.94631199 1.02773388 0.19514138 1.68853692]


Iteration [13]: 2024-05-28 19:55:05
Best score: 23.99767793317704
Best params: [0.48699969 1.13423253 0.94631199 1.02773388 0.19514138 1.68853692]


Iteration [14]: 2024-05-28 19:55:11
Best score: 23.99767793317704
Best params: [0.48699969 1.13423253 0.94631199 1.02773388 0.19514138 1.68853692]


Iteration [15]: 2024-05-28 19:55:17
Best score: 23.99767793317704
Best params: [0.48699969 1.13423253 0.94631199 1.02773388 0.19514138 1.68853692]


Iteration [16]: 2024-05-28 19:55:23
Best score: 23.99767793317704
Best params: [0.48699969 1.13423253 0.94631199 1.02773388 0.19514138 1.68853692]


Iteration [17]: 2024-05-28 19:55:29
Best score: 23.99767793317704
Best params: [0.48699969 1.13423253 0.94631199 1.02773388 0.19514138 1.68853692]


Iteration [18]: 2024-05-28 19:55:35
Best score: 23.99767793317704
Best params: [0.48699969 1.13423253 0.94631199 1.02773388 0.19514138 1.68853692]


Iteration [19]: 2024-05-28 19:55:41
Best score: 23.99767793317704
Best params: [0.48699969 1.13423253 0.94631199 1.02773388 0.19514138 1.68853692]


Iteration [20]: 2024-05-28 19:55:47
Best score: 23.99767793317704
Best params: [0.48699969 1.13423253 0.94631199 1.02773388 0.19514138 1.68853692]


Iteration [21]: 2024-05-28 19:55:52
Best score: 23.99767793317704
Best params: [0.48699969 1.13423253 0.94631199 1.02773388 0.19514138 1.68853692]


Iteration [22]: 2024-05-28 19:55:58
Best score: 23.99767793317704
Best params: [0.48699969 1.13423253 0.94631199 1.02773388 0.19514138 1.68853692]


Iteration [23]: 2024-05-28 19:56:05
Best score: 23.99767793317704
Best params: [0.48699969 1.13423253 0.94631199 1.02773388 0.19514138 1.68853692]


Iteration [24]: 2024-05-28 19:56:12
Best score: 23.99767793317704
Best params: [0.48699969 1.13423253 0.94631199 1.02773388 0.19514138 1.68853692]


Iteration [25]: 2024-05-28 19:56:18
Best score: 23.99767793317704
Best params: [0.48699969 1.13423253 0.94631199 1.02773388 0.19514138 1.68853692]


Iteration [26]: 2024-05-28 19:56:24
Best score: 23.99767793317704
Best params: [0.48699969 1.13423253 0.94631199 1.02773388 0.19514138 1.68853692]


Iteration [27]: 2024-05-28 19:56:30
Best score: 23.99767793317704
Best params: [0.48699969 1.13423253 0.94631199 1.02773388 0.19514138 1.68853692]


Iteration [28]: 2024-05-28 19:56:37
Best score: 23.99767793317704
Best params: [0.48699969 1.13423253 0.94631199 1.02773388 0.19514138 1.68853692]


Iteration [29]: 2024-05-28 19:56:43
Best score: 23.99767793317704
Best params: [0.48699969 1.13423253 0.94631199 1.02773388 0.19514138 1.68853692]


Iteration [30]: 2024-05-28 19:56:49
Best score: 23.99767793317704
Best params: [0.48699969 1.13423253 0.94631199 1.02773388 0.19514138 1.68853692]


Iteration [31]: 2024-05-28 19:56:55
Best score: 23.99767793317704
Best params: [0.48699969 1.13423253 0.94631199 1.02773388 0.19514138 1.68853692]


Iteration [32]: 2024-05-28 19:57:00
Best score: 23.99767793317704
Best params: [0.48699969 1.13423253 0.94631199 1.02773388 0.19514138 1.68853692]


Iteration [33]: 2024-05-28 19:57:07
Best score: 23.99767793317704
Best params: [0.48699969 1.13423253 0.94631199 1.02773388 0.19514138 1.68853692]


Iteration [34]: 2024-05-28 19:57:13
Best score: 23.99767793317704
Best params: [0.48699969 1.13423253 0.94631199 1.02773388 0.19514138 1.68853692]


Iteration [35]: 2024-05-28 19:57:19
Best score improved: *--> 23.276297462662523 <--*
Best params: [0.48770631 1.13642447 0.94715306 1.02608361 0.19391635 1.68983922]


Iteration [36]: 2024-05-28 19:57:25
Best score: 23.276297462662523
Best params: [0.48770631 1.13642447 0.94715306 1.02608361 0.19391635 1.68983922]


Iteration [37]: 2024-05-28 19:57:31
Best score: 23.276297462662523
Best params: [0.48770631 1.13642447 0.94715306 1.02608361 0.19391635 1.68983922]


Iteration [38]: 2024-05-28 19:57:38
Best score: 23.276297462662523
Best params: [0.48770631 1.13642447 0.94715306 1.02608361 0.19391635 1.68983922]


Iteration [39]: 2024-05-28 19:57:44
Best score: 23.276297462662523
Best params: [0.48770631 1.13642447 0.94715306 1.02608361 0.19391635 1.68983922]


Iteration [40]: 2024-05-28 19:57:51
Best score: 23.276297462662523
Best params: [0.48770631 1.13642447 0.94715306 1.02608361 0.19391635 1.68983922]


Iteration [41]: 2024-05-28 19:57:58
Best score: 23.276297462662523
Best params: [0.48770631 1.13642447 0.94715306 1.02608361 0.19391635 1.68983922]


Iteration [42]: 2024-05-28 19:58:04
Best score: 23.276297462662523
Best params: [0.48770631 1.13642447 0.94715306 1.02608361 0.19391635 1.68983922]


Iteration [43]: 2024-05-28 19:58:11
Best score: 23.276297462662523
Best params: [0.48770631 1.13642447 0.94715306 1.02608361 0.19391635 1.68983922]


Iteration [44]: 2024-05-28 19:58:17
Best score: 23.276297462662523
Best params: [0.48770631 1.13642447 0.94715306 1.02608361 0.19391635 1.68983922]


Iteration [45]: 2024-05-28 19:58:23
Best score: 23.276297462662523
Best params: [0.48770631 1.13642447 0.94715306 1.02608361 0.19391635 1.68983922]


Iteration [46]: 2024-05-28 19:58:29
Best score: 23.276297462662523
Best params: [0.48770631 1.13642447 0.94715306 1.02608361 0.19391635 1.68983922]


Iteration [47]: 2024-05-28 19:58:36
Best score: 23.276297462662523
Best params: [0.48770631 1.13642447 0.94715306 1.02608361 0.19391635 1.68983922]


Iteration [48]: 2024-05-28 19:58:42
Best score: 23.276297462662523
Best params: [0.48770631 1.13642447 0.94715306 1.02608361 0.19391635 1.68983922]


Iteration [49]: 2024-05-28 19:58:48
Best score: 23.276297462662523
Best params: [0.48770631 1.13642447 0.94715306 1.02608361 0.19391635 1.68983922]


Iteration [50]: 2024-05-28 19:58:54
Best score: 23.276297462662523
Best params: [0.48770631 1.13642447 0.94715306 1.02608361 0.19391635 1.68983922]


Iteration [51]: 2024-05-28 19:59:00
Best score: 23.276297462662523
Best params: [0.48770631 1.13642447 0.94715306 1.02608361 0.19391635 1.68983922]


Iteration [52]: 2024-05-28 19:59:06
Best score: 23.276297462662523
Best params: [0.48770631 1.13642447 0.94715306 1.02608361 0.19391635 1.68983922]


Iteration [53]: 2024-05-28 19:59:12
Best score: 23.276297462662523
Best params: [0.48770631 1.13642447 0.94715306 1.02608361 0.19391635 1.68983922]


Iteration [54]: 2024-05-28 19:59:18
Best score: 23.276297462662523
Best params: [0.48770631 1.13642447 0.94715306 1.02608361 0.19391635 1.68983922]


Iteration [55]: 2024-05-28 19:59:24
Best score: 23.276297462662523
Best params: [0.48770631 1.13642447 0.94715306 1.02608361 0.19391635 1.68983922]


Iteration [56]: 2024-05-28 19:59:30
Best score: 23.276297462662523
Best params: [0.48770631 1.13642447 0.94715306 1.02608361 0.19391635 1.68983922]


Iteration [57]: 2024-05-28 19:59:36
Best score: 23.276297462662523
Best params: [0.48770631 1.13642447 0.94715306 1.02608361 0.19391635 1.68983922]


Iteration [58]: 2024-05-28 19:59:42
Best score: 23.276297462662523
Best params: [0.48770631 1.13642447 0.94715306 1.02608361 0.19391635 1.68983922]


Iteration [59]: 2024-05-28 19:59:48
Best score: 23.276297462662523
Best params: [0.48770631 1.13642447 0.94715306 1.02608361 0.19391635 1.68983922]


Iteration [60]: 2024-05-28 19:59:54
Best score: 23.276297462662523
Best params: [0.48770631 1.13642447 0.94715306 1.02608361 0.19391635 1.68983922]


Iteration [61]: 2024-05-28 19:59:59
Best score: 23.276297462662523
Best params: [0.48770631 1.13642447 0.94715306 1.02608361 0.19391635 1.68983922]


Iteration [62]: 2024-05-28 20:00:06
Best score: 23.276297462662523
Best params: [0.48770631 1.13642447 0.94715306 1.02608361 0.19391635 1.68983922]


Iteration [63]: 2024-05-28 20:00:12
Best score: 23.276297462662523
Best params: [0.48770631 1.13642447 0.94715306 1.02608361 0.19391635 1.68983922]


Iteration [64]: 2024-05-28 20:00:18
Best score: 23.276297462662523
Best params: [0.48770631 1.13642447 0.94715306 1.02608361 0.19391635 1.68983922]


Iteration [65]: 2024-05-28 20:00:23
Best score: 23.276297462662523
Best params: [0.48770631 1.13642447 0.94715306 1.02608361 0.19391635 1.68983922]


Iteration [66]: 2024-05-28 20:00:29
Best score: 23.276297462662523
Best params: [0.48770631 1.13642447 0.94715306 1.02608361 0.19391635 1.68983922]


Iteration [67]: 2024-05-28 20:00:35
Best score: 23.276297462662523
Best params: [0.48770631 1.13642447 0.94715306 1.02608361 0.19391635 1.68983922]


Iteration [68]: 2024-05-28 20:00:42
Best score: 23.276297462662523
Best params: [0.48770631 1.13642447 0.94715306 1.02608361 0.19391635 1.68983922]


Iteration [69]: 2024-05-28 20:00:48
Best score: 23.276297462662523
Best params: [0.48770631 1.13642447 0.94715306 1.02608361 0.19391635 1.68983922]


Iteration [70]: 2024-05-28 20:00:55
Best score: 23.276297462662523
Best params: [0.48770631 1.13642447 0.94715306 1.02608361 0.19391635 1.68983922]


Iteration [71]: 2024-05-28 20:01:01
Best score: 23.276297462662523
Best params: [0.48770631 1.13642447 0.94715306 1.02608361 0.19391635 1.68983922]


Iteration [72]: 2024-05-28 20:01:07
Best score: 23.276297462662523
Best params: [0.48770631 1.13642447 0.94715306 1.02608361 0.19391635 1.68983922]


Iteration [73]: 2024-05-28 20:01:13
Best score: 23.276297462662523
Best params: [0.48770631 1.13642447 0.94715306 1.02608361 0.19391635 1.68983922]


Iteration [74]: 2024-05-28 20:01:19
Best score: 23.276297462662523
Best params: [0.48770631 1.13642447 0.94715306 1.02608361 0.19391635 1.68983922]


Iteration [75]: 2024-05-28 20:01:24
Best score: 23.276297462662523
Best params: [0.48770631 1.13642447 0.94715306 1.02608361 0.19391635 1.68983922]


Iteration [76]: 2024-05-28 20:01:30
Best score: 23.276297462662523
Best params: [0.48770631 1.13642447 0.94715306 1.02608361 0.19391635 1.68983922]


Iteration [77]: 2024-05-28 20:01:37
Best score: 23.276297462662523
Best params: [0.48770631 1.13642447 0.94715306 1.02608361 0.19391635 1.68983922]


Iteration [78]: 2024-05-28 20:01:42
Best score improved: *--> 20.54553348277381 <--*
Best params: [0.48775959 1.13665901 0.9468341  1.02628821 0.1939335  1.6900256 ]


Iteration [79]: 2024-05-28 20:01:48
Best score: 20.54553348277381
Best params: [0.48775959 1.13665901 0.9468341  1.02628821 0.1939335  1.6900256 ]


Iteration [80]: 2024-05-28 20:01:54
Best score: 20.54553348277381
Best params: [0.48775959 1.13665901 0.9468341  1.02628821 0.1939335  1.6900256 ]


Iteration [81]: 2024-05-28 20:02:00
Best score: 20.54553348277381
Best params: [0.48775959 1.13665901 0.9468341  1.02628821 0.1939335  1.6900256 ]


Iteration [82]: 2024-05-28 20:02:06
Best score: 20.54553348277381
Best params: [0.48775959 1.13665901 0.9468341  1.02628821 0.1939335  1.6900256 ]


Iteration [83]: 2024-05-28 20:02:12
Best score: 20.54553348277381
Best params: [0.48775959 1.13665901 0.9468341  1.02628821 0.1939335  1.6900256 ]


Iteration [84]: 2024-05-28 20:02:18
Best score: 20.54553348277381
Best params: [0.48775959 1.13665901 0.9468341  1.02628821 0.1939335  1.6900256 ]


Iteration [85]: 2024-05-28 20:02:24
Best score: 20.54553348277381
Best params: [0.48775959 1.13665901 0.9468341  1.02628821 0.1939335  1.6900256 ]


Iteration [86]: 2024-05-28 20:02:30
Best score: 20.54553348277381
Best params: [0.48775959 1.13665901 0.9468341  1.02628821 0.1939335  1.6900256 ]


Iteration [87]: 2024-05-28 20:02:36
Best score: 20.54553348277381
Best params: [0.48775959 1.13665901 0.9468341  1.02628821 0.1939335  1.6900256 ]


Iteration [88]: 2024-05-28 20:02:42
Best score: 20.54553348277381
Best params: [0.48775959 1.13665901 0.9468341  1.02628821 0.1939335  1.6900256 ]


Iteration [89]: 2024-05-28 20:02:48
Best score: 20.54553348277381
Best params: [0.48775959 1.13665901 0.9468341  1.02628821 0.1939335  1.6900256 ]


Iteration [90]: 2024-05-28 20:02:54
Best score: 20.54553348277381
Best params: [0.48775959 1.13665901 0.9468341  1.02628821 0.1939335  1.6900256 ]


Iteration [91]: 2024-05-28 20:03:00
Best score: 20.54553348277381
Best params: [0.48775959 1.13665901 0.9468341  1.02628821 0.1939335  1.6900256 ]


Iteration [92]: 2024-05-28 20:03:06
Best score: 20.54553348277381
Best params: [0.48775959 1.13665901 0.9468341  1.02628821 0.1939335  1.6900256 ]


Iteration [93]: 2024-05-28 20:03:12
Best score: 20.54553348277381
Best params: [0.48775959 1.13665901 0.9468341  1.02628821 0.1939335  1.6900256 ]


Iteration [94]: 2024-05-28 20:03:17
Best score: 20.54553348277381
Best params: [0.48775959 1.13665901 0.9468341  1.02628821 0.1939335  1.6900256 ]


Iteration [95]: 2024-05-28 20:03:23
Best score: 20.54553348277381
Best params: [0.48775959 1.13665901 0.9468341  1.02628821 0.1939335  1.6900256 ]


Iteration [96]: 2024-05-28 20:03:29
Best score: 20.54553348277381
Best params: [0.48775959 1.13665901 0.9468341  1.02628821 0.1939335  1.6900256 ]


Iteration [97]: 2024-05-28 20:03:35
Best score: 20.54553348277381
Best params: [0.48775959 1.13665901 0.9468341  1.02628821 0.1939335  1.6900256 ]


Iteration [98]: 2024-05-28 20:03:41
Best score: 20.54553348277381
Best params: [0.48775959 1.13665901 0.9468341  1.02628821 0.1939335  1.6900256 ]


Iteration [99]: 2024-05-28 20:03:47
Best score: 20.54553348277381
Best params: [0.48775959 1.13665901 0.9468341  1.02628821 0.1939335  1.6900256 ]
