

Iteration [0]: 2024-05-28 17:24:54
Best score improved: *--> 30.50767640652201 <--*
Best params: [0.         0.43427643 1.14403837 1.88058147 1.72637262 1.63560929]


Iteration [1]: 2024-05-28 17:24:59
Best score: 30.50767640652201
Best params: [0.         0.43427643 1.14403837 1.88058147 1.72637262 1.63560929]


Iteration [2]: 2024-05-28 17:25:05
Best score improved: *--> 28.959344600049256 <--*
Best params: [0.         0.17315572 1.00623294 1.8263531  1.57302908 1.84251532]


Iteration [3]: 2024-05-28 17:25:10
Best score improved: *--> 28.806768453649532 <--*
Best params: [0.         0.11417322 1.05646422 1.81758173 1.61135509 1.8670216 ]


Iteration [4]: 2024-05-28 17:25:16
Best score: 28.806768453649532
Best params: [0.         0.11417322 1.05646422 1.81758173 1.61135509 1.8670216 ]


Iteration [5]: 2024-05-28 17:25:21
Best score: 28.806768453649532
Best params: [0.         0.11417322 1.05646422 1.81758173 1.61135509 1.8670216 ]


Iteration [6]: 2024-05-28 17:25:28
Best score: 28.806768453649532
Best params: [0.         0.11417322 1.05646422 1.81758173 1.61135509 1.8670216 ]


Iteration [7]: 2024-05-28 17:25:34
Best score: 28.806768453649532
Best params: [0.         0.11417322 1.05646422 1.81758173 1.61135509 1.8670216 ]


Iteration [8]: 2024-05-28 17:25:39
Best score: 28.806768453649532
Best params: [0.         0.11417322 1.05646422 1.81758173 1.61135509 1.8670216 ]
