

Iteration [0]: 2024-05-28 17:41:26
Best score improved: *--> 28.28814842770594 <--*
Best params: [0.11337386 1.60741948 1.17974642 0.03719914 0.8470041  1.55974119]


Iteration [1]: 2024-05-28 17:41:32
Best score: 28.28814842770594
Best params: [0.11337386 1.60741948 1.17974642 0.03719914 0.8470041  1.55974119]


Iteration [2]: 2024-05-28 17:41:39
Best score improved: *--> 27.502841629694906 <--*
Best params: [0.1796239  1.53553625 1.24260776 0.03197087 0.59806276 1.51588877]


Iteration [3]: 2024-05-28 17:41:45
Best score: 27.502841629694906
Best params: [0.1796239  1.53553625 1.24260776 0.03197087 0.59806276 1.51588877]


Iteration [4]: 2024-05-28 17:41:51
Best score improved: *--> 27.176256742830386 <--*
Best params: [0.22004477 1.48164483 1.29544759 0.06373979 0.4495149  1.42331606]


Iteration [5]: 2024-05-28 17:41:58
Best score improved: *--> 25.206218864234543 <--*
Best params: [0.23091353 1.4862721  1.27163831 0.08280286 0.45062323 1.42912699]


Iteration [6]: 2024-05-28 17:42:04
Best score: 25.206218864234543
Best params: [0.23091353 1.4862721  1.27163831 0.08280286 0.45062323 1.42912699]


Iteration [7]: 2024-05-28 17:42:10
Best score: 25.206218864234543
Best params: [0.23091353 1.4862721  1.27163831 0.08280286 0.45062323 1.42912699]


Iteration [8]: 2024-05-28 17:42:18
Best score: 25.206218864234543
Best params: [0.23091353 1.4862721  1.27163831 0.08280286 0.45062323 1.42912699]


Iteration [9]: 2024-05-28 17:42:25
Best score: 25.206218864234543
Best params: [0.23091353 1.4862721  1.27163831 0.08280286 0.45062323 1.42912699]


Iteration [10]: 2024-05-28 17:42:32
Best score: 25.206218864234543
Best params: [0.23091353 1.4862721  1.27163831 0.08280286 0.45062323 1.42912699]


Iteration [11]: 2024-05-28 17:42:39
Best score: 25.206218864234543
Best params: [0.23091353 1.4862721  1.27163831 0.08280286 0.45062323 1.42912699]


Iteration [12]: 2024-05-28 17:42:47
Best score: 25.206218864234543
Best params: [0.23091353 1.4862721  1.27163831 0.08280286 0.45062323 1.42912699]


Iteration [13]: 2024-05-28 17:42:53
Best score: 25.206218864234543
Best params: [0.23091353 1.4862721  1.27163831 0.08280286 0.45062323 1.42912699]


Iteration [14]: 2024-05-28 17:42:59
Best score: 25.206218864234543
Best params: [0.23091353 1.4862721  1.27163831 0.08280286 0.45062323 1.42912699]


Iteration [15]: 2024-05-28 17:43:06
Best score: 25.206218864234543
Best params: [0.23091353 1.4862721  1.27163831 0.08280286 0.45062323 1.42912699]


Iteration [16]: 2024-05-28 17:43:12
Best score: 25.206218864234543
Best params: [0.23091353 1.4862721  1.27163831 0.08280286 0.45062323 1.42912699]


Iteration [17]: 2024-05-28 17:43:18
Best score improved: *--> 24.922560227944953 <--*
Best params: [0.23023084 1.48724045 1.27155496 0.0830049  0.44929472 1.43209732]


Iteration [18]: 2024-05-28 17:43:24
Best score: 24.922560227944953
Best params: [0.23023084 1.48724045 1.27155496 0.0830049  0.44929472 1.43209732]


Iteration [19]: 2024-05-28 17:43:30
Best score: 24.922560227944953
Best params: [0.23023084 1.48724045 1.27155496 0.0830049  0.44929472 1.43209732]


Iteration [20]: 2024-05-28 17:43:36
Best score: 24.922560227944953
Best params: [0.23023084 1.48724045 1.27155496 0.0830049  0.44929472 1.43209732]


Iteration [21]: 2024-05-28 17:43:43
Best score improved: *--> 21.34532287067255 <--*
Best params: [0.23345627 1.48273086 1.27608327 0.08989855 0.44708558 1.42814941]


Iteration [22]: 2024-05-28 17:43:50
Best score: 21.34532287067255
Best params: [0.23345627 1.48273086 1.27608327 0.08989855 0.44708558 1.42814941]


Iteration [23]: 2024-05-28 17:43:56
Best score: 21.34532287067255
Best params: [0.23345627 1.48273086 1.27608327 0.08989855 0.44708558 1.42814941]


Iteration [24]: 2024-05-28 17:44:03
Best score: 21.34532287067255
Best params: [0.23345627 1.48273086 1.27608327 0.08989855 0.44708558 1.42814941]


Iteration [25]: 2024-05-28 17:44:10
Best score: 21.34532287067255
Best params: [0.23345627 1.48273086 1.27608327 0.08989855 0.44708558 1.42814941]


Iteration [26]: 2024-05-28 17:44:15
Best score: 21.34532287067255
Best params: [0.23345627 1.48273086 1.27608327 0.08989855 0.44708558 1.42814941]


Iteration [27]: 2024-05-28 17:44:22
Best score: 21.34532287067255
Best params: [0.23345627 1.48273086 1.27608327 0.08989855 0.44708558 1.42814941]


Iteration [28]: 2024-05-28 17:44:29
Best score: 21.34532287067255
Best params: [0.23345627 1.48273086 1.27608327 0.08989855 0.44708558 1.42814941]


Iteration [29]: 2024-05-28 17:44:36
Best score: 21.34532287067255
Best params: [0.23345627 1.48273086 1.27608327 0.08989855 0.44708558 1.42814941]


Iteration [30]: 2024-05-28 17:44:43
Best score: 21.34532287067255
Best params: [0.23345627 1.48273086 1.27608327 0.08989855 0.44708558 1.42814941]


Iteration [31]: 2024-05-28 17:44:50
Best score: 21.34532287067255
Best params: [0.23345627 1.48273086 1.27608327 0.08989855 0.44708558 1.42814941]


Iteration [32]: 2024-05-28 17:44:56
Best score: 21.34532287067255
Best params: [0.23345627 1.48273086 1.27608327 0.08989855 0.44708558 1.42814941]


Iteration [33]: 2024-05-28 17:45:03
Best score: 21.34532287067255
Best params: [0.23345627 1.48273086 1.27608327 0.08989855 0.44708558 1.42814941]


Iteration [34]: 2024-05-28 17:45:09
Best score: 21.34532287067255
Best params: [0.23345627 1.48273086 1.27608327 0.08989855 0.44708558 1.42814941]


Iteration [35]: 2024-05-28 17:45:16
Best score: 21.34532287067255
Best params: [0.23345627 1.48273086 1.27608327 0.08989855 0.44708558 1.42814941]


Iteration [36]: 2024-05-28 17:45:22
Best score: 21.34532287067255
Best params: [0.23345627 1.48273086 1.27608327 0.08989855 0.44708558 1.42814941]


Iteration [37]: 2024-05-28 17:45:29
Best score: 21.34532287067255
Best params: [0.23345627 1.48273086 1.27608327 0.08989855 0.44708558 1.42814941]


Iteration [38]: 2024-05-28 17:45:35
Best score: 21.34532287067255
Best params: [0.23345627 1.48273086 1.27608327 0.08989855 0.44708558 1.42814941]


Iteration [39]: 2024-05-28 17:45:42
Best score: 21.34532287067255
Best params: [0.23345627 1.48273086 1.27608327 0.08989855 0.44708558 1.42814941]


Iteration [40]: 2024-05-28 17:45:48
Best score: 21.34532287067255
Best params: [0.23345627 1.48273086 1.27608327 0.08989855 0.44708558 1.42814941]


Iteration [41]: 2024-05-28 17:45:54
Best score: 21.34532287067255
Best params: [0.23345627 1.48273086 1.27608327 0.08989855 0.44708558 1.42814941]


Iteration [42]: 2024-05-28 17:46:01
Best score: 21.34532287067255
Best params: [0.23345627 1.48273086 1.27608327 0.08989855 0.44708558 1.42814941]


Iteration [43]: 2024-05-28 17:46:07
Best score: 21.34532287067255
Best params: [0.23345627 1.48273086 1.27608327 0.08989855 0.44708558 1.42814941]


Iteration [44]: 2024-05-28 17:46:14
Best score: 21.34532287067255
Best params: [0.23345627 1.48273086 1.27608327 0.08989855 0.44708558 1.42814941]


Iteration [45]: 2024-05-28 17:46:20
Best score: 21.34532287067255
Best params: [0.23345627 1.48273086 1.27608327 0.08989855 0.44708558 1.42814941]


Iteration [46]: 2024-05-28 17:46:27
Best score: 21.34532287067255
Best params: [0.23345627 1.48273086 1.27608327 0.08989855 0.44708558 1.42814941]


Iteration [47]: 2024-05-28 17:46:33
Best score: 21.34532287067255
Best params: [0.23345627 1.48273086 1.27608327 0.08989855 0.44708558 1.42814941]


Iteration [48]: 2024-05-28 17:46:39
Best score: 21.34532287067255
Best params: [0.23345627 1.48273086 1.27608327 0.08989855 0.44708558 1.42814941]


Iteration [49]: 2024-05-28 17:46:45
Best score: 21.34532287067255
Best params: [0.23345627 1.48273086 1.27608327 0.08989855 0.44708558 1.42814941]


Iteration [50]: 2024-05-28 17:46:52
Best score: 21.34532287067255
Best params: [0.23345627 1.48273086 1.27608327 0.08989855 0.44708558 1.42814941]


Iteration [51]: 2024-05-28 17:46:59
Best score: 21.34532287067255
Best params: [0.23345627 1.48273086 1.27608327 0.08989855 0.44708558 1.42814941]


Iteration [52]: 2024-05-28 17:47:05
Best score: 21.34532287067255
Best params: [0.23345627 1.48273086 1.27608327 0.08989855 0.44708558 1.42814941]


Iteration [53]: 2024-05-28 17:47:12
Best score: 21.34532287067255
Best params: [0.23345627 1.48273086 1.27608327 0.08989855 0.44708558 1.42814941]


Iteration [54]: 2024-05-28 17:47:18
Best score: 21.34532287067255
Best params: [0.23345627 1.48273086 1.27608327 0.08989855 0.44708558 1.42814941]


Iteration [55]: 2024-05-28 17:47:25
Best score: 21.34532287067255
Best params: [0.23345627 1.48273086 1.27608327 0.08989855 0.44708558 1.42814941]


Iteration [56]: 2024-05-28 17:47:32
Best score: 21.34532287067255
Best params: [0.23345627 1.48273086 1.27608327 0.08989855 0.44708558 1.42814941]


Iteration [57]: 2024-05-28 17:47:38
Best score: 21.34532287067255
Best params: [0.23345627 1.48273086 1.27608327 0.08989855 0.44708558 1.42814941]


Iteration [58]: 2024-05-28 17:47:44
Best score: 21.34532287067255
Best params: [0.23345627 1.48273086 1.27608327 0.08989855 0.44708558 1.42814941]


Iteration [59]: 2024-05-28 17:47:50
Best score: 21.34532287067255
Best params: [0.23345627 1.48273086 1.27608327 0.08989855 0.44708558 1.42814941]


Iteration [60]: 2024-05-28 17:47:56
Best score: 21.34532287067255
Best params: [0.23345627 1.48273086 1.27608327 0.08989855 0.44708558 1.42814941]


Iteration [61]: 2024-05-28 17:48:03
Best score: 21.34532287067255
Best params: [0.23345627 1.48273086 1.27608327 0.08989855 0.44708558 1.42814941]


Iteration [62]: 2024-05-28 17:48:09
Best score: 21.34532287067255
Best params: [0.23345627 1.48273086 1.27608327 0.08989855 0.44708558 1.42814941]


Iteration [63]: 2024-05-28 17:48:15
Best score: 21.34532287067255
Best params: [0.23345627 1.48273086 1.27608327 0.08989855 0.44708558 1.42814941]


Iteration [64]: 2024-05-28 17:48:22
Best score: 21.34532287067255
Best params: [0.23345627 1.48273086 1.27608327 0.08989855 0.44708558 1.42814941]


Iteration [65]: 2024-05-28 17:48:30
Best score: 21.34532287067255
Best params: [0.23345627 1.48273086 1.27608327 0.08989855 0.44708558 1.42814941]


Iteration [66]: 2024-05-28 17:48:37
Best score: 21.34532287067255
Best params: [0.23345627 1.48273086 1.27608327 0.08989855 0.44708558 1.42814941]


Iteration [67]: 2024-05-28 17:48:43
Best score: 21.34532287067255
Best params: [0.23345627 1.48273086 1.27608327 0.08989855 0.44708558 1.42814941]


Iteration [68]: 2024-05-28 17:48:49
Best score: 21.34532287067255
Best params: [0.23345627 1.48273086 1.27608327 0.08989855 0.44708558 1.42814941]


Iteration [69]: 2024-05-28 17:48:56
Best score: 21.34532287067255
Best params: [0.23345627 1.48273086 1.27608327 0.08989855 0.44708558 1.42814941]


Iteration [70]: 2024-05-28 17:49:02
Best score: 21.34532287067255
Best params: [0.23345627 1.48273086 1.27608327 0.08989855 0.44708558 1.42814941]


Iteration [71]: 2024-05-28 17:49:09
Best score: 21.34532287067255
Best params: [0.23345627 1.48273086 1.27608327 0.08989855 0.44708558 1.42814941]


Iteration [72]: 2024-05-28 17:49:16
Best score: 21.34532287067255
Best params: [0.23345627 1.48273086 1.27608327 0.08989855 0.44708558 1.42814941]


Iteration [73]: 2024-05-28 17:49:22
Best score: 21.34532287067255
Best params: [0.23345627 1.48273086 1.27608327 0.08989855 0.44708558 1.42814941]


Iteration [74]: 2024-05-28 17:49:29
Best score: 21.34532287067255
Best params: [0.23345627 1.48273086 1.27608327 0.08989855 0.44708558 1.42814941]


Iteration [75]: 2024-05-28 17:49:35
Best score: 21.34532287067255
Best params: [0.23345627 1.48273086 1.27608327 0.08989855 0.44708558 1.42814941]


Iteration [76]: 2024-05-28 17:49:42
Best score: 21.34532287067255
Best params: [0.23345627 1.48273086 1.27608327 0.08989855 0.44708558 1.42814941]


Iteration [77]: 2024-05-28 17:49:48
Best score: 21.34532287067255
Best params: [0.23345627 1.48273086 1.27608327 0.08989855 0.44708558 1.42814941]


Iteration [78]: 2024-05-28 17:49:55
Best score: 21.34532287067255
Best params: [0.23345627 1.48273086 1.27608327 0.08989855 0.44708558 1.42814941]


Iteration [79]: 2024-05-28 17:50:02
Best score: 21.34532287067255
Best params: [0.23345627 1.48273086 1.27608327 0.08989855 0.44708558 1.42814941]


Iteration [80]: 2024-05-28 17:50:08
Best score: 21.34532287067255
Best params: [0.23345627 1.48273086 1.27608327 0.08989855 0.44708558 1.42814941]


Iteration [81]: 2024-05-28 17:50:14
Best score: 21.34532287067255
Best params: [0.23345627 1.48273086 1.27608327 0.08989855 0.44708558 1.42814941]


Iteration [82]: 2024-05-28 17:50:21
Best score: 21.34532287067255
Best params: [0.23345627 1.48273086 1.27608327 0.08989855 0.44708558 1.42814941]


Iteration [83]: 2024-05-28 17:50:27
Best score improved: *--> 20.51876077023751 <--*
Best params: [0.23342421 1.48270897 1.27611186 0.09001625 0.44706439 1.4281212 ]


Iteration [84]: 2024-05-28 17:50:32
Best score: 20.51876077023751
Best params: [0.23342421 1.48270897 1.27611186 0.09001625 0.44706439 1.4281212 ]


Iteration [85]: 2024-05-28 17:50:38
Best score: 20.51876077023751
Best params: [0.23342421 1.48270897 1.27611186 0.09001625 0.44706439 1.4281212 ]


Iteration [86]: 2024-05-28 17:50:45
Best score: 20.51876077023751
Best params: [0.23342421 1.48270897 1.27611186 0.09001625 0.44706439 1.4281212 ]


Iteration [87]: 2024-05-28 17:50:51
Best score: 20.51876077023751
Best params: [0.23342421 1.48270897 1.27611186 0.09001625 0.44706439 1.4281212 ]


Iteration [88]: 2024-05-28 17:50:57
Best score: 20.51876077023751
Best params: [0.23342421 1.48270897 1.27611186 0.09001625 0.44706439 1.4281212 ]


Iteration [89]: 2024-05-28 17:51:04
Best score: 20.51876077023751
Best params: [0.23342421 1.48270897 1.27611186 0.09001625 0.44706439 1.4281212 ]


Iteration [90]: 2024-05-28 17:51:11
Best score: 20.51876077023751
Best params: [0.23342421 1.48270897 1.27611186 0.09001625 0.44706439 1.4281212 ]


Iteration [91]: 2024-05-28 17:51:17
Best score: 20.51876077023751
Best params: [0.23342421 1.48270897 1.27611186 0.09001625 0.44706439 1.4281212 ]


Iteration [92]: 2024-05-28 17:51:23
Best score: 20.51876077023751
Best params: [0.23342421 1.48270897 1.27611186 0.09001625 0.44706439 1.4281212 ]


Iteration [93]: 2024-05-28 17:51:30
Best score: 20.51876077023751
Best params: [0.23342421 1.48270897 1.27611186 0.09001625 0.44706439 1.4281212 ]


Iteration [94]: 2024-05-28 17:51:36
Best score: 20.51876077023751
Best params: [0.23342421 1.48270897 1.27611186 0.09001625 0.44706439 1.4281212 ]


Iteration [95]: 2024-05-28 17:51:43
Best score: 20.51876077023751
Best params: [0.23342421 1.48270897 1.27611186 0.09001625 0.44706439 1.4281212 ]


Iteration [96]: 2024-05-28 17:51:49
Best score: 20.51876077023751
Best params: [0.23342421 1.48270897 1.27611186 0.09001625 0.44706439 1.4281212 ]


Iteration [97]: 2024-05-28 17:51:56
Best score: 20.51876077023751
Best params: [0.23342421 1.48270897 1.27611186 0.09001625 0.44706439 1.4281212 ]


Iteration [98]: 2024-05-28 17:52:03
Best score: 20.51876077023751
Best params: [0.23342421 1.48270897 1.27611186 0.09001625 0.44706439 1.4281212 ]


Iteration [99]: 2024-05-28 17:52:10
Best score: 20.51876077023751
Best params: [0.23342421 1.48270897 1.27611186 0.09001625 0.44706439 1.4281212 ]
