

Iteration [0]: 2024-05-28 16:40:37
Best score improved: *--> 25.927414130809435 <--*
Best params: [0.17528364 1.         1.4432487  0.69158226 0.85433691 0.61051695]


Iteration [1]: 2024-05-28 16:40:47
Best score: 25.927414130809435
Best params: [0.17528364 1.         1.4432487  0.69158226 0.85433691 0.61051695]


Iteration [2]: 2024-05-28 16:40:58
Best score: 25.927414130809435
Best params: [0.17528364 1.         1.4432487  0.69158226 0.85433691 0.61051695]


Iteration [3]: 2024-05-28 16:41:09
Best score improved: *--> 25.665752238186933 <--*
Best params: [0.24457235 1.05732139 1.42728208 0.46737032 0.64593445 0.42543086]


Iteration [4]: 2024-05-28 16:41:20
Best score improved: *--> 25.63358576502026 <--*
Best params: [0.31629418 1.04466798 1.32467718 0.34088919 0.72228102 0.32865386]


Iteration [5]: 2024-05-28 16:41:32
Best score: 25.63358576502026
Best params: [0.31629418 1.04466798 1.32467718 0.34088919 0.72228102 0.32865386]


Iteration [6]: 2024-05-28 16:41:44
Best score: 25.63358576502026
Best params: [0.31629418 1.04466798 1.32467718 0.34088919 0.72228102 0.32865386]


Iteration [7]: 2024-05-28 16:41:56
Best score improved: *--> 25.22507453286668 <--*
Best params: [0.27795465 1.03784313 1.42663773 0.38451604 0.5182829  0.37233469]


Iteration [8]: 2024-05-28 16:42:07
Best score improved: *--> 21.91374781432834 <--*
Best params: [0.31419906 1.07620838 1.3800813  0.36238664 0.56160154 0.35317888]


Iteration [9]: 2024-05-28 16:42:19
Best score: 21.91374781432834
Best params: [0.31419906 1.07620838 1.3800813  0.36238664 0.56160154 0.35317888]


Iteration [10]: 2024-05-28 16:42:30
Best score: 21.91374781432834
Best params: [0.31419906 1.07620838 1.3800813  0.36238664 0.56160154 0.35317888]


Iteration [11]: 2024-05-28 16:42:41
Best score: 21.91374781432834
Best params: [0.31419906 1.07620838 1.3800813  0.36238664 0.56160154 0.35317888]


Iteration [12]: 2024-05-28 16:42:53
Best score: 21.91374781432834
Best params: [0.31419906 1.07620838 1.3800813  0.36238664 0.56160154 0.35317888]


Iteration [13]: 2024-05-28 16:43:05
Best score: 21.91374781432834
Best params: [0.31419906 1.07620838 1.3800813  0.36238664 0.56160154 0.35317888]


Iteration [14]: 2024-05-28 16:43:16
Best score: 21.91374781432834
Best params: [0.31419906 1.07620838 1.3800813  0.36238664 0.56160154 0.35317888]
