

Iteration [0]: 2024-05-28 22:36:13
Best score improved: *--> 30.963073127531167 <--*
Best params: [0.45594081 0.65104069 0.69628874 0.77509295 0.87996838 1.39226058]


Iteration [1]: 2024-05-28 22:36:19
Best score improved: *--> 27.42115491143814 <--*
Best params: [0.3924252  0.82880118 0.91906078 0.81844068 0.64498614 1.71006275]


Iteration [2]: 2024-05-28 22:36:24
Best score: 27.42115491143814
Best params: [0.3924252  0.82880118 0.91906078 0.81844068 0.64498614 1.71006275]


Iteration [3]: 2024-05-28 22:36:30
Best score improved: *--> 25.3711492898158 <--*
Best params: [0.41784844 0.89743365 0.90039931 0.82697533 0.45505208 1.85184152]


Iteration [4]: 2024-05-28 22:36:35
Best score: 25.3711492898158
Best params: [0.41784844 0.89743365 0.90039931 0.82697533 0.45505208 1.85184152]


Iteration [5]: 2024-05-28 22:36:41
Best score: 25.3711492898158
Best params: [0.41784844 0.89743365 0.90039931 0.82697533 0.45505208 1.85184152]


Iteration [6]: 2024-05-28 22:36:47
Best score: 25.3711492898158
Best params: [0.41784844 0.89743365 0.90039931 0.82697533 0.45505208 1.85184152]


Iteration [7]: 2024-05-28 22:36:52
Best score: 25.3711492898158
Best params: [0.41784844 0.89743365 0.90039931 0.82697533 0.45505208 1.85184152]


Iteration [8]: 2024-05-28 22:36:58
Best score improved: *--> 19.58417690186926 <--*
Best params: [0.45203125 0.9019769  0.84886763 0.83087821 0.45429264 1.88688463]


Iteration [9]: 2024-05-28 22:37:03
Best score: 19.58417690186926
Best params: [0.45203125 0.9019769  0.84886763 0.83087821 0.45429264 1.88688463]


Iteration [10]: 2024-05-28 22:37:09
Best score: 19.58417690186926
Best params: [0.45203125 0.9019769  0.84886763 0.83087821 0.45429264 1.88688463]


Iteration [11]: 2024-05-28 22:37:14
Best score: 19.58417690186926
Best params: [0.45203125 0.9019769  0.84886763 0.83087821 0.45429264 1.88688463]


Iteration [12]: 2024-05-28 22:37:20
Best score: 19.58417690186926
Best params: [0.45203125 0.9019769  0.84886763 0.83087821 0.45429264 1.88688463]


Iteration [13]: 2024-05-28 22:37:26
Best score: 19.58417690186926
Best params: [0.45203125 0.9019769  0.84886763 0.83087821 0.45429264 1.88688463]


Iteration [14]: 2024-05-28 22:37:32
Best score: 19.58417690186926
Best params: [0.45203125 0.9019769  0.84886763 0.83087821 0.45429264 1.88688463]


Iteration [15]: 2024-05-28 22:37:37
Best score: 19.58417690186926
Best params: [0.45203125 0.9019769  0.84886763 0.83087821 0.45429264 1.88688463]


Iteration [16]: 2024-05-28 22:37:43
Best score: 19.58417690186926
Best params: [0.45203125 0.9019769  0.84886763 0.83087821 0.45429264 1.88688463]


Iteration [17]: 2024-05-28 22:37:48
Best score: 19.58417690186926
Best params: [0.45203125 0.9019769  0.84886763 0.83087821 0.45429264 1.88688463]


Iteration [18]: 2024-05-28 22:37:54
Best score: 19.58417690186926
Best params: [0.45203125 0.9019769  0.84886763 0.83087821 0.45429264 1.88688463]


Iteration [19]: 2024-05-28 22:38:00
Best score: 19.58417690186926
Best params: [0.45203125 0.9019769  0.84886763 0.83087821 0.45429264 1.88688463]


Iteration [20]: 2024-05-28 22:38:05
Best score: 19.58417690186926
Best params: [0.45203125 0.9019769  0.84886763 0.83087821 0.45429264 1.88688463]


Iteration [21]: 2024-05-28 22:38:11
Best score: 19.58417690186926
Best params: [0.45203125 0.9019769  0.84886763 0.83087821 0.45429264 1.88688463]


Iteration [22]: 2024-05-28 22:38:16
Best score: 19.58417690186926
Best params: [0.45203125 0.9019769  0.84886763 0.83087821 0.45429264 1.88688463]


Iteration [23]: 2024-05-28 22:38:22
Best score: 19.58417690186926
Best params: [0.45203125 0.9019769  0.84886763 0.83087821 0.45429264 1.88688463]


Iteration [24]: 2024-05-28 22:38:28
Best score: 19.58417690186926
Best params: [0.45203125 0.9019769  0.84886763 0.83087821 0.45429264 1.88688463]


Iteration [25]: 2024-05-28 22:38:33
Best score: 19.58417690186926
Best params: [0.45203125 0.9019769  0.84886763 0.83087821 0.45429264 1.88688463]


Iteration [26]: 2024-05-28 22:38:39
Best score: 19.58417690186926
Best params: [0.45203125 0.9019769  0.84886763 0.83087821 0.45429264 1.88688463]


Iteration [27]: 2024-05-28 22:38:44
Best score: 19.58417690186926
Best params: [0.45203125 0.9019769  0.84886763 0.83087821 0.45429264 1.88688463]


Iteration [28]: 2024-05-28 22:38:50
Best score: 19.58417690186926
Best params: [0.45203125 0.9019769  0.84886763 0.83087821 0.45429264 1.88688463]


Iteration [29]: 2024-05-28 22:38:55
Best score: 19.58417690186926
Best params: [0.45203125 0.9019769  0.84886763 0.83087821 0.45429264 1.88688463]


Iteration [30]: 2024-05-28 22:39:01
Best score: 19.58417690186926
Best params: [0.45203125 0.9019769  0.84886763 0.83087821 0.45429264 1.88688463]


Iteration [31]: 2024-05-28 22:39:07
Best score: 19.58417690186926
Best params: [0.45203125 0.9019769  0.84886763 0.83087821 0.45429264 1.88688463]


Iteration [32]: 2024-05-28 22:39:12
Best score: 19.58417690186926
Best params: [0.45203125 0.9019769  0.84886763 0.83087821 0.45429264 1.88688463]


Iteration [33]: 2024-05-28 22:39:18
Best score: 19.58417690186926
Best params: [0.45203125 0.9019769  0.84886763 0.83087821 0.45429264 1.88688463]


Iteration [34]: 2024-05-28 22:39:23
Best score: 19.58417690186926
Best params: [0.45203125 0.9019769  0.84886763 0.83087821 0.45429264 1.88688463]


Iteration [35]: 2024-05-28 22:39:29
Best score: 19.58417690186926
Best params: [0.45203125 0.9019769  0.84886763 0.83087821 0.45429264 1.88688463]


Iteration [36]: 2024-05-28 22:39:35
Best score: 19.58417690186926
Best params: [0.45203125 0.9019769  0.84886763 0.83087821 0.45429264 1.88688463]


Iteration [37]: 2024-05-28 22:39:40
Best score: 19.58417690186926
Best params: [0.45203125 0.9019769  0.84886763 0.83087821 0.45429264 1.88688463]


Iteration [38]: 2024-05-28 22:39:46
Best score: 19.58417690186926
Best params: [0.45203125 0.9019769  0.84886763 0.83087821 0.45429264 1.88688463]


Iteration [39]: 2024-05-28 22:39:51
Best score: 19.58417690186926
Best params: [0.45203125 0.9019769  0.84886763 0.83087821 0.45429264 1.88688463]


Iteration [40]: 2024-05-28 22:39:57
Best score: 19.58417690186926
Best params: [0.45203125 0.9019769  0.84886763 0.83087821 0.45429264 1.88688463]


Iteration [41]: 2024-05-28 22:40:02
Best score: 19.58417690186926
Best params: [0.45203125 0.9019769  0.84886763 0.83087821 0.45429264 1.88688463]


Iteration [42]: 2024-05-28 22:40:08
Best score: 19.58417690186926
Best params: [0.45203125 0.9019769  0.84886763 0.83087821 0.45429264 1.88688463]


Iteration [43]: 2024-05-28 22:40:13
Best score: 19.58417690186926
Best params: [0.45203125 0.9019769  0.84886763 0.83087821 0.45429264 1.88688463]


Iteration [44]: 2024-05-28 22:40:19
Best score: 19.58417690186926
Best params: [0.45203125 0.9019769  0.84886763 0.83087821 0.45429264 1.88688463]


Iteration [45]: 2024-05-28 22:40:24
Best score: 19.58417690186926
Best params: [0.45203125 0.9019769  0.84886763 0.83087821 0.45429264 1.88688463]


Iteration [46]: 2024-05-28 22:40:30
Best score: 19.58417690186926
Best params: [0.45203125 0.9019769  0.84886763 0.83087821 0.45429264 1.88688463]


Iteration [47]: 2024-05-28 22:40:36
Best score: 19.58417690186926
Best params: [0.45203125 0.9019769  0.84886763 0.83087821 0.45429264 1.88688463]


Iteration [48]: 2024-05-28 22:40:41
Best score: 19.58417690186926
Best params: [0.45203125 0.9019769  0.84886763 0.83087821 0.45429264 1.88688463]


Iteration [49]: 2024-05-28 22:40:47
Best score: 19.58417690186926
Best params: [0.45203125 0.9019769  0.84886763 0.83087821 0.45429264 1.88688463]


Iteration [50]: 2024-05-28 22:40:52
Best score: 19.58417690186926
Best params: [0.45203125 0.9019769  0.84886763 0.83087821 0.45429264 1.88688463]


Iteration [51]: 2024-05-28 22:40:58
Best score: 19.58417690186926
Best params: [0.45203125 0.9019769  0.84886763 0.83087821 0.45429264 1.88688463]


Iteration [52]: 2024-05-28 22:41:04
Best score: 19.58417690186926
Best params: [0.45203125 0.9019769  0.84886763 0.83087821 0.45429264 1.88688463]


Iteration [53]: 2024-05-28 22:41:09
Best score: 19.58417690186926
Best params: [0.45203125 0.9019769  0.84886763 0.83087821 0.45429264 1.88688463]


Iteration [54]: 2024-05-28 22:41:15
Best score: 19.58417690186926
Best params: [0.45203125 0.9019769  0.84886763 0.83087821 0.45429264 1.88688463]


Iteration [55]: 2024-05-28 22:41:20
Best score: 19.58417690186926
Best params: [0.45203125 0.9019769  0.84886763 0.83087821 0.45429264 1.88688463]


Iteration [56]: 2024-05-28 22:41:26
Best score: 19.58417690186926
Best params: [0.45203125 0.9019769  0.84886763 0.83087821 0.45429264 1.88688463]


Iteration [57]: 2024-05-28 22:41:32
Best score: 19.58417690186926
Best params: [0.45203125 0.9019769  0.84886763 0.83087821 0.45429264 1.88688463]


Iteration [58]: 2024-05-28 22:41:37
Best score: 19.58417690186926
Best params: [0.45203125 0.9019769  0.84886763 0.83087821 0.45429264 1.88688463]


Iteration [59]: 2024-05-28 22:41:43
Best score: 19.58417690186926
Best params: [0.45203125 0.9019769  0.84886763 0.83087821 0.45429264 1.88688463]


Iteration [60]: 2024-05-28 22:41:48
Best score: 19.58417690186926
Best params: [0.45203125 0.9019769  0.84886763 0.83087821 0.45429264 1.88688463]


Iteration [61]: 2024-05-28 22:41:54
Best score: 19.58417690186926
Best params: [0.45203125 0.9019769  0.84886763 0.83087821 0.45429264 1.88688463]


Iteration [62]: 2024-05-28 22:41:59
Best score: 19.58417690186926
Best params: [0.45203125 0.9019769  0.84886763 0.83087821 0.45429264 1.88688463]


Iteration [63]: 2024-05-28 22:42:05
Best score: 19.58417690186926
Best params: [0.45203125 0.9019769  0.84886763 0.83087821 0.45429264 1.88688463]


Iteration [64]: 2024-05-28 22:42:11
Best score: 19.58417690186926
Best params: [0.45203125 0.9019769  0.84886763 0.83087821 0.45429264 1.88688463]


Iteration [65]: 2024-05-28 22:42:16
Best score: 19.58417690186926
Best params: [0.45203125 0.9019769  0.84886763 0.83087821 0.45429264 1.88688463]


Iteration [66]: 2024-05-28 22:42:22
Best score: 19.58417690186926
Best params: [0.45203125 0.9019769  0.84886763 0.83087821 0.45429264 1.88688463]


Iteration [67]: 2024-05-28 22:42:28
Best score: 19.58417690186926
Best params: [0.45203125 0.9019769  0.84886763 0.83087821 0.45429264 1.88688463]


Iteration [68]: 2024-05-28 22:42:34
Best score: 19.58417690186926
Best params: [0.45203125 0.9019769  0.84886763 0.83087821 0.45429264 1.88688463]


Iteration [69]: 2024-05-28 22:42:39
Best score: 19.58417690186926
Best params: [0.45203125 0.9019769  0.84886763 0.83087821 0.45429264 1.88688463]


Iteration [70]: 2024-05-28 22:42:45
Best score: 19.58417690186926
Best params: [0.45203125 0.9019769  0.84886763 0.83087821 0.45429264 1.88688463]


Iteration [71]: 2024-05-28 22:42:50
Best score: 19.58417690186926
Best params: [0.45203125 0.9019769  0.84886763 0.83087821 0.45429264 1.88688463]


Iteration [72]: 2024-05-28 22:42:56
Best score: 19.58417690186926
Best params: [0.45203125 0.9019769  0.84886763 0.83087821 0.45429264 1.88688463]


Iteration [73]: 2024-05-28 22:43:02
Best score: 19.58417690186926
Best params: [0.45203125 0.9019769  0.84886763 0.83087821 0.45429264 1.88688463]


Iteration [74]: 2024-05-28 22:43:07
Best score: 19.58417690186926
Best params: [0.45203125 0.9019769  0.84886763 0.83087821 0.45429264 1.88688463]


Iteration [75]: 2024-05-28 22:43:13
Best score: 19.58417690186926
Best params: [0.45203125 0.9019769  0.84886763 0.83087821 0.45429264 1.88688463]


Iteration [76]: 2024-05-28 22:43:19
Best score: 19.58417690186926
Best params: [0.45203125 0.9019769  0.84886763 0.83087821 0.45429264 1.88688463]


Iteration [77]: 2024-05-28 22:43:24
Best score: 19.58417690186926
Best params: [0.45203125 0.9019769  0.84886763 0.83087821 0.45429264 1.88688463]


Iteration [78]: 2024-05-28 22:43:30
Best score: 19.58417690186926
Best params: [0.45203125 0.9019769  0.84886763 0.83087821 0.45429264 1.88688463]


Iteration [79]: 2024-05-28 22:43:36
Best score: 19.58417690186926
Best params: [0.45203125 0.9019769  0.84886763 0.83087821 0.45429264 1.88688463]


Iteration [80]: 2024-05-28 22:43:41
Best score: 19.58417690186926
Best params: [0.45203125 0.9019769  0.84886763 0.83087821 0.45429264 1.88688463]


Iteration [81]: 2024-05-28 22:43:47
Best score: 19.58417690186926
Best params: [0.45203125 0.9019769  0.84886763 0.83087821 0.45429264 1.88688463]


Iteration [82]: 2024-05-28 22:43:53
Best score: 19.58417690186926
Best params: [0.45203125 0.9019769  0.84886763 0.83087821 0.45429264 1.88688463]


Iteration [83]: 2024-05-28 22:43:58
Best score: 19.58417690186926
Best params: [0.45203125 0.9019769  0.84886763 0.83087821 0.45429264 1.88688463]


Iteration [84]: 2024-05-28 22:44:04
Best score: 19.58417690186926
Best params: [0.45203125 0.9019769  0.84886763 0.83087821 0.45429264 1.88688463]


Iteration [85]: 2024-05-28 22:44:10
Best score: 19.58417690186926
Best params: [0.45203125 0.9019769  0.84886763 0.83087821 0.45429264 1.88688463]


Iteration [86]: 2024-05-28 22:44:15
Best score: 19.58417690186926
Best params: [0.45203125 0.9019769  0.84886763 0.83087821 0.45429264 1.88688463]


Iteration [87]: 2024-05-28 22:44:21
Best score: 19.58417690186926
Best params: [0.45203125 0.9019769  0.84886763 0.83087821 0.45429264 1.88688463]


Iteration [88]: 2024-05-28 22:44:27
Best score: 19.58417690186926
Best params: [0.45203125 0.9019769  0.84886763 0.83087821 0.45429264 1.88688463]


Iteration [89]: 2024-05-28 22:44:32
Best score: 19.58417690186926
Best params: [0.45203125 0.9019769  0.84886763 0.83087821 0.45429264 1.88688463]


Iteration [90]: 2024-05-28 22:44:38
Best score: 19.58417690186926
Best params: [0.45203125 0.9019769  0.84886763 0.83087821 0.45429264 1.88688463]


Iteration [91]: 2024-05-28 22:44:44
Best score: 19.58417690186926
Best params: [0.45203125 0.9019769  0.84886763 0.83087821 0.45429264 1.88688463]


Iteration [92]: 2024-05-28 22:44:49
Best score: 19.58417690186926
Best params: [0.45203125 0.9019769  0.84886763 0.83087821 0.45429264 1.88688463]


Iteration [93]: 2024-05-28 22:44:55
Best score: 19.58417690186926
Best params: [0.45203125 0.9019769  0.84886763 0.83087821 0.45429264 1.88688463]


Iteration [94]: 2024-05-28 22:45:01
Best score: 19.58417690186926
Best params: [0.45203125 0.9019769  0.84886763 0.83087821 0.45429264 1.88688463]


Iteration [95]: 2024-05-28 22:45:06
Best score: 19.58417690186926
Best params: [0.45203125 0.9019769  0.84886763 0.83087821 0.45429264 1.88688463]


Iteration [96]: 2024-05-28 22:45:12
Best score: 19.58417690186926
Best params: [0.45203125 0.9019769  0.84886763 0.83087821 0.45429264 1.88688463]


Iteration [97]: 2024-05-28 22:45:17
Best score: 19.58417690186926
Best params: [0.45203125 0.9019769  0.84886763 0.83087821 0.45429264 1.88688463]


Iteration [98]: 2024-05-28 22:45:23
Best score: 19.58417690186926
Best params: [0.45203125 0.9019769  0.84886763 0.83087821 0.45429264 1.88688463]


Iteration [99]: 2024-05-28 22:45:29
Best score: 19.58417690186926
Best params: [0.45203125 0.9019769  0.84886763 0.83087821 0.45429264 1.88688463]