

Iteration [0]: 2024-05-28 17:13:27
Best score improved: *--> 27.648056586954667 <--*
Best params: [0.04086641 1.80164494 1.78119279 1.49531804 0.1160883  1.        ]


Iteration [1]: 2024-05-28 17:13:33
Best score: 27.648056586954667
Best params: [0.04086641 1.80164494 1.78119279 1.49531804 0.1160883  1.        ]


Iteration [2]: 2024-05-28 17:13:38
Best score: 27.648056586954667
Best params: [0.04086641 1.80164494 1.78119279 1.49531804 0.1160883  1.        ]


Iteration [3]: 2024-05-28 17:13:44
Best score: 27.648056586954667
Best params: [0.04086641 1.80164494 1.78119279 1.49531804 0.1160883  1.        ]


Iteration [4]: 2024-05-28 17:13:50
Best score improved: *--> 27.48915088534678 <--*
Best params: [0.03001857 1.8025733  1.79742519 1.4587162  0.10113014 1.03077279]


Iteration [5]: 2024-05-28 17:13:56
Best score: 27.48915088534678
Best params: [0.03001857 1.8025733  1.79742519 1.4587162  0.10113014 1.03077279]


Iteration [6]: 2024-05-28 17:14:01
Best score improved: *--> 27.17425574373841 <--*
Best params: [0.03212534 1.80257451 1.79327669 1.47578566 0.0989053  1.01992785]


Iteration [7]: 2024-05-28 17:14:07
Best score: 27.17425574373841
Best params: [0.03212534 1.80257451 1.79327669 1.47578566 0.0989053  1.01992785]


Iteration [8]: 2024-05-28 17:14:13
Best score: 27.17425574373841
Best params: [0.03212534 1.80257451 1.79327669 1.47578566 0.0989053  1.01992785]


Iteration [9]: 2024-05-28 17:14:18
Best score improved: *--> 26.010513329587493 <--*
Best params: [0.03961052 1.75499823 1.80321966 1.4565411  0.08704816 1.06007769]


Iteration [10]: 2024-05-28 17:14:24
Best score improved: *--> 25.283630336599924 <--*
Best params: [0.04231892 1.73338976 1.80197158 1.46904461 0.07081457 1.11514408]


Iteration [11]: 2024-05-28 17:14:30
Best score: 25.283630336599924
Best params: [0.04231892 1.73338976 1.80197158 1.46904461 0.07081457 1.11514408]


Iteration [12]: 2024-05-28 17:14:36
Best score: 25.283630336599924
Best params: [0.04231892 1.73338976 1.80197158 1.46904461 0.07081457 1.11514408]


Iteration [13]: 2024-05-28 17:14:42
Best score: 25.283630336599924
Best params: [0.04231892 1.73338976 1.80197158 1.46904461 0.07081457 1.11514408]


Iteration [14]: 2024-05-28 17:14:47
Best score: 25.283630336599924
Best params: [0.04231892 1.73338976 1.80197158 1.46904461 0.07081457 1.11514408]


Iteration [15]: 2024-05-28 17:14:53
Best score: 25.283630336599924
Best params: [0.04231892 1.73338976 1.80197158 1.46904461 0.07081457 1.11514408]


Iteration [16]: 2024-05-28 17:14:59
Best score: 25.283630336599924
Best params: [0.04231892 1.73338976 1.80197158 1.46904461 0.07081457 1.11514408]


Iteration [17]: 2024-05-28 17:15:05
Best score: 25.283630336599924
Best params: [0.04231892 1.73338976 1.80197158 1.46904461 0.07081457 1.11514408]


Iteration [18]: 2024-05-28 17:15:10
Best score: 25.283630336599924
Best params: [0.04231892 1.73338976 1.80197158 1.46904461 0.07081457 1.11514408]


Iteration [19]: 2024-05-28 17:15:16
Best score: 25.283630336599924
Best params: [0.04231892 1.73338976 1.80197158 1.46904461 0.07081457 1.11514408]


Iteration [20]: 2024-05-28 17:15:22
Best score: 25.283630336599924
Best params: [0.04231892 1.73338976 1.80197158 1.46904461 0.07081457 1.11514408]


Iteration [21]: 2024-05-28 17:15:28
Best score: 25.283630336599924
Best params: [0.04231892 1.73338976 1.80197158 1.46904461 0.07081457 1.11514408]


Iteration [22]: 2024-05-28 17:15:34
Best score improved: *--> 24.829773166639132 <--*
Best params: [0.04215918 1.73459228 1.80198403 1.46968012 0.07034507 1.11889995]


Iteration [23]: 2024-05-28 17:15:39
Best score: 24.829773166639132
Best params: [0.04215918 1.73459228 1.80198403 1.46968012 0.07034507 1.11889995]


Iteration [24]: 2024-05-28 17:15:45
Best score: 24.829773166639132
Best params: [0.04215918 1.73459228 1.80198403 1.46968012 0.07034507 1.11889995]


Iteration [25]: 2024-05-28 17:15:51
Best score: 24.829773166639132
Best params: [0.04215918 1.73459228 1.80198403 1.46968012 0.07034507 1.11889995]


Iteration [26]: 2024-05-28 17:15:57
Best score: 24.829773166639132
Best params: [0.04215918 1.73459228 1.80198403 1.46968012 0.07034507 1.11889995]


Iteration [27]: 2024-05-28 17:16:03
Best score: 24.829773166639132
Best params: [0.04215918 1.73459228 1.80198403 1.46968012 0.07034507 1.11889995]


Iteration [28]: 2024-05-28 17:16:08
Best score: 24.829773166639132
Best params: [0.04215918 1.73459228 1.80198403 1.46968012 0.07034507 1.11889995]


Iteration [29]: 2024-05-28 17:16:14
Best score: 24.829773166639132
Best params: [0.04215918 1.73459228 1.80198403 1.46968012 0.07034507 1.11889995]


Iteration [30]: 2024-05-28 17:16:20
Best score: 24.829773166639132
Best params: [0.04215918 1.73459228 1.80198403 1.46968012 0.07034507 1.11889995]


Iteration [31]: 2024-05-28 17:16:26
Best score: 24.829773166639132
Best params: [0.04215918 1.73459228 1.80198403 1.46968012 0.07034507 1.11889995]


Iteration [32]: 2024-05-28 17:16:32
Best score: 24.829773166639132
Best params: [0.04215918 1.73459228 1.80198403 1.46968012 0.07034507 1.11889995]


Iteration [33]: 2024-05-28 17:16:38
Best score: 24.829773166639132
Best params: [0.04215918 1.73459228 1.80198403 1.46968012 0.07034507 1.11889995]


Iteration [34]: 2024-05-28 17:16:43
Best score: 24.829773166639132
Best params: [0.04215918 1.73459228 1.80198403 1.46968012 0.07034507 1.11889995]


Iteration [35]: 2024-05-28 17:16:49
Best score: 24.829773166639132
Best params: [0.04215918 1.73459228 1.80198403 1.46968012 0.07034507 1.11889995]


Iteration [36]: 2024-05-28 17:16:55
Best score: 24.829773166639132
Best params: [0.04215918 1.73459228 1.80198403 1.46968012 0.07034507 1.11889995]


Iteration [37]: 2024-05-28 17:17:01
Best score: 24.829773166639132
Best params: [0.04215918 1.73459228 1.80198403 1.46968012 0.07034507 1.11889995]


Iteration [38]: 2024-05-28 17:17:06
Best score: 24.829773166639132
Best params: [0.04215918 1.73459228 1.80198403 1.46968012 0.07034507 1.11889995]


Iteration [39]: 2024-05-28 17:17:12
Best score: 24.829773166639132
Best params: [0.04215918 1.73459228 1.80198403 1.46968012 0.07034507 1.11889995]


Iteration [40]: 2024-05-28 17:17:18
Best score: 24.829773166639132
Best params: [0.04215918 1.73459228 1.80198403 1.46968012 0.07034507 1.11889995]


Iteration [41]: 2024-05-28 17:17:24
Best score: 24.829773166639132
Best params: [0.04215918 1.73459228 1.80198403 1.46968012 0.07034507 1.11889995]


Iteration [42]: 2024-05-28 17:17:30
Best score: 24.829773166639132
Best params: [0.04215918 1.73459228 1.80198403 1.46968012 0.07034507 1.11889995]


Iteration [43]: 2024-05-28 17:17:35
Best score: 24.829773166639132
Best params: [0.04215918 1.73459228 1.80198403 1.46968012 0.07034507 1.11889995]


Iteration [44]: 2024-05-28 17:17:41
Best score: 24.829773166639132
Best params: [0.04215918 1.73459228 1.80198403 1.46968012 0.07034507 1.11889995]


Iteration [45]: 2024-05-28 17:17:47
Best score: 24.829773166639132
Best params: [0.04215918 1.73459228 1.80198403 1.46968012 0.07034507 1.11889995]


Iteration [46]: 2024-05-28 17:17:53
Best score: 24.829773166639132
Best params: [0.04215918 1.73459228 1.80198403 1.46968012 0.07034507 1.11889995]


Iteration [47]: 2024-05-28 17:17:58
Best score: 24.829773166639132
Best params: [0.04215918 1.73459228 1.80198403 1.46968012 0.07034507 1.11889995]


Iteration [48]: 2024-05-28 17:18:04
Best score: 24.829773166639132
Best params: [0.04215918 1.73459228 1.80198403 1.46968012 0.07034507 1.11889995]


Iteration [49]: 2024-05-28 17:18:10
Best score: 24.829773166639132
Best params: [0.04215918 1.73459228 1.80198403 1.46968012 0.07034507 1.11889995]


Iteration [50]: 2024-05-28 17:18:16
Best score: 24.829773166639132
Best params: [0.04215918 1.73459228 1.80198403 1.46968012 0.07034507 1.11889995]


Iteration [51]: 2024-05-28 17:18:22
Best score: 24.829773166639132
Best params: [0.04215918 1.73459228 1.80198403 1.46968012 0.07034507 1.11889995]


Iteration [52]: 2024-05-28 17:18:28
Best score: 24.829773166639132
Best params: [0.04215918 1.73459228 1.80198403 1.46968012 0.07034507 1.11889995]


Iteration [53]: 2024-05-28 17:18:34
Best score: 24.829773166639132
Best params: [0.04215918 1.73459228 1.80198403 1.46968012 0.07034507 1.11889995]


Iteration [54]: 2024-05-28 17:18:40
Best score: 24.829773166639132
Best params: [0.04215918 1.73459228 1.80198403 1.46968012 0.07034507 1.11889995]


Iteration [55]: 2024-05-28 17:18:45
Best score: 24.829773166639132
Best params: [0.04215918 1.73459228 1.80198403 1.46968012 0.07034507 1.11889995]


Iteration [56]: 2024-05-28 17:18:51
Best score: 24.829773166639132
Best params: [0.04215918 1.73459228 1.80198403 1.46968012 0.07034507 1.11889995]


Iteration [57]: 2024-05-28 17:18:58
Best score: 24.829773166639132
Best params: [0.04215918 1.73459228 1.80198403 1.46968012 0.07034507 1.11889995]


Iteration [58]: 2024-05-28 17:19:04
Best score: 24.829773166639132
Best params: [0.04215918 1.73459228 1.80198403 1.46968012 0.07034507 1.11889995]


Iteration [59]: 2024-05-28 17:19:10
Best score: 24.829773166639132
Best params: [0.04215918 1.73459228 1.80198403 1.46968012 0.07034507 1.11889995]


Iteration [60]: 2024-05-28 17:19:15
Best score: 24.829773166639132
Best params: [0.04215918 1.73459228 1.80198403 1.46968012 0.07034507 1.11889995]


Iteration [61]: 2024-05-28 17:19:21
Best score: 24.829773166639132
Best params: [0.04215918 1.73459228 1.80198403 1.46968012 0.07034507 1.11889995]


Iteration [62]: 2024-05-28 17:19:27
Best score: 24.829773166639132
Best params: [0.04215918 1.73459228 1.80198403 1.46968012 0.07034507 1.11889995]


Iteration [63]: 2024-05-28 17:19:32
Best score: 24.829773166639132
Best params: [0.04215918 1.73459228 1.80198403 1.46968012 0.07034507 1.11889995]


Iteration [64]: 2024-05-28 17:19:38
Best score: 24.829773166639132
Best params: [0.04215918 1.73459228 1.80198403 1.46968012 0.07034507 1.11889995]


Iteration [65]: 2024-05-28 17:19:44
Best score: 24.829773166639132
Best params: [0.04215918 1.73459228 1.80198403 1.46968012 0.07034507 1.11889995]


Iteration [66]: 2024-05-28 17:19:50
Best score: 24.829773166639132
Best params: [0.04215918 1.73459228 1.80198403 1.46968012 0.07034507 1.11889995]


Iteration [67]: 2024-05-28 17:19:55
Best score: 24.829773166639132
Best params: [0.04215918 1.73459228 1.80198403 1.46968012 0.07034507 1.11889995]


Iteration [68]: 2024-05-28 17:20:01
Best score: 24.829773166639132
Best params: [0.04215918 1.73459228 1.80198403 1.46968012 0.07034507 1.11889995]


Iteration [69]: 2024-05-28 17:20:07
Best score: 24.829773166639132
Best params: [0.04215918 1.73459228 1.80198403 1.46968012 0.07034507 1.11889995]


Iteration [70]: 2024-05-28 17:20:12
Best score: 24.829773166639132
Best params: [0.04215918 1.73459228 1.80198403 1.46968012 0.07034507 1.11889995]


Iteration [71]: 2024-05-28 17:20:18
Best score: 24.829773166639132
Best params: [0.04215918 1.73459228 1.80198403 1.46968012 0.07034507 1.11889995]


Iteration [72]: 2024-05-28 17:20:24
Best score: 24.829773166639132
Best params: [0.04215918 1.73459228 1.80198403 1.46968012 0.07034507 1.11889995]


Iteration [73]: 2024-05-28 17:20:30
Best score: 24.829773166639132
Best params: [0.04215918 1.73459228 1.80198403 1.46968012 0.07034507 1.11889995]


Iteration [74]: 2024-05-28 17:20:35
Best score: 24.829773166639132
Best params: [0.04215918 1.73459228 1.80198403 1.46968012 0.07034507 1.11889995]


Iteration [75]: 2024-05-28 17:20:41
Best score: 24.829773166639132
Best params: [0.04215918 1.73459228 1.80198403 1.46968012 0.07034507 1.11889995]


Iteration [76]: 2024-05-28 17:20:47
Best score: 24.829773166639132
Best params: [0.04215918 1.73459228 1.80198403 1.46968012 0.07034507 1.11889995]


Iteration [77]: 2024-05-28 17:20:53
Best score: 24.829773166639132
Best params: [0.04215918 1.73459228 1.80198403 1.46968012 0.07034507 1.11889995]


Iteration [78]: 2024-05-28 17:20:58
Best score: 24.829773166639132
Best params: [0.04215918 1.73459228 1.80198403 1.46968012 0.07034507 1.11889995]


Iteration [79]: 2024-05-28 17:21:04
Best score: 24.829773166639132
Best params: [0.04215918 1.73459228 1.80198403 1.46968012 0.07034507 1.11889995]


Iteration [80]: 2024-05-28 17:21:10
Best score: 24.829773166639132
Best params: [0.04215918 1.73459228 1.80198403 1.46968012 0.07034507 1.11889995]


Iteration [81]: 2024-05-28 17:21:15
Best score: 24.829773166639132
Best params: [0.04215918 1.73459228 1.80198403 1.46968012 0.07034507 1.11889995]


Iteration [82]: 2024-05-28 17:21:21
Best score: 24.829773166639132
Best params: [0.04215918 1.73459228 1.80198403 1.46968012 0.07034507 1.11889995]


Iteration [83]: 2024-05-28 17:21:27
Best score: 24.829773166639132
Best params: [0.04215918 1.73459228 1.80198403 1.46968012 0.07034507 1.11889995]


Iteration [84]: 2024-05-28 17:21:33
Best score: 24.829773166639132
Best params: [0.04215918 1.73459228 1.80198403 1.46968012 0.07034507 1.11889995]


Iteration [85]: 2024-05-28 17:21:38
Best score: 24.829773166639132
Best params: [0.04215918 1.73459228 1.80198403 1.46968012 0.07034507 1.11889995]


Iteration [86]: 2024-05-28 17:21:44
Best score: 24.829773166639132
Best params: [0.04215918 1.73459228 1.80198403 1.46968012 0.07034507 1.11889995]


Iteration [87]: 2024-05-28 17:21:50
Best score: 24.829773166639132
Best params: [0.04215918 1.73459228 1.80198403 1.46968012 0.07034507 1.11889995]


Iteration [88]: 2024-05-28 17:21:56
Best score: 24.829773166639132
Best params: [0.04215918 1.73459228 1.80198403 1.46968012 0.07034507 1.11889995]


Iteration [89]: 2024-05-28 17:22:01
Best score: 24.829773166639132
Best params: [0.04215918 1.73459228 1.80198403 1.46968012 0.07034507 1.11889995]


Iteration [90]: 2024-05-28 17:22:07
Best score: 24.829773166639132
Best params: [0.04215918 1.73459228 1.80198403 1.46968012 0.07034507 1.11889995]


Iteration [91]: 2024-05-28 17:22:13
Best score: 24.829773166639132
Best params: [0.04215918 1.73459228 1.80198403 1.46968012 0.07034507 1.11889995]


Iteration [92]: 2024-05-28 17:22:19
Best score: 24.829773166639132
Best params: [0.04215918 1.73459228 1.80198403 1.46968012 0.07034507 1.11889995]


Iteration [93]: 2024-05-28 17:22:25
Best score: 24.829773166639132
Best params: [0.04215918 1.73459228 1.80198403 1.46968012 0.07034507 1.11889995]


Iteration [94]: 2024-05-28 17:22:30
Best score: 24.829773166639132
Best params: [0.04215918 1.73459228 1.80198403 1.46968012 0.07034507 1.11889995]


Iteration [95]: 2024-05-28 17:22:36
Best score: 24.829773166639132
Best params: [0.04215918 1.73459228 1.80198403 1.46968012 0.07034507 1.11889995]


Iteration [96]: 2024-05-28 17:22:42
Best score: 24.829773166639132
Best params: [0.04215918 1.73459228 1.80198403 1.46968012 0.07034507 1.11889995]


Iteration [97]: 2024-05-28 17:22:48
Best score: 24.829773166639132
Best params: [0.04215918 1.73459228 1.80198403 1.46968012 0.07034507 1.11889995]


Iteration [98]: 2024-05-28 17:22:53
Best score: 24.829773166639132
Best params: [0.04215918 1.73459228 1.80198403 1.46968012 0.07034507 1.11889995]


Iteration [99]: 2024-05-28 17:22:59
Best score: 24.829773166639132
Best params: [0.04215918 1.73459228 1.80198403 1.46968012 0.07034507 1.11889995]
