

Iteration [0]: 2024-05-28 17:01:01
Best score improved: *--> 31.99216651154634 <--*
Best params: [0.40804781 0.81667469 0.57325122 0.74368459 0.85354136 1.18674246]


Iteration [1]: 2024-05-28 17:01:07
Best score improved: *--> 26.746851334179667 <--*
Best params: [0.50582197 0.82424662 0.81387862 0.54212528 0.58451341 0.87862852]


Iteration [2]: 2024-05-28 17:01:14
Best score improved: *--> 26.50973688247423 <--*
Best params: [0.42548633 1.03493367 0.86374939 0.4742138  0.60393026 0.70100992]


Iteration [3]: 2024-05-28 17:01:20
Best score improved: *--> 26.369024424044746 <--*
Best params: [0.46412835 1.14292845 0.9473783  0.30224476 0.41425154 0.61445903]


Iteration [4]: 2024-05-28 17:01:26
Best score improved: *--> 24.65554965453685 <--*
Best params: [0.4990134  0.97106059 0.8248747  0.43504759 0.4785632  0.61596977]


Iteration [5]: 2024-05-28 17:01:32
Best score: 24.65554965453685
Best params: [0.4990134  0.97106059 0.8248747  0.43504759 0.4785632  0.61596977]


Iteration [6]: 2024-05-28 17:01:38
Best score: 24.65554965453685
Best params: [0.4990134  0.97106059 0.8248747  0.43504759 0.4785632  0.61596977]


Iteration [7]: 2024-05-28 17:01:44
Best score: 24.65554965453685
Best params: [0.4990134  0.97106059 0.8248747  0.43504759 0.4785632  0.61596977]


Iteration [8]: 2024-05-28 17:01:50
Best score: 24.65554965453685
Best params: [0.4990134  0.97106059 0.8248747  0.43504759 0.4785632  0.61596977]


Iteration [9]: 2024-05-28 17:01:56
Best score: 24.65554965453685
Best params: [0.4990134  0.97106059 0.8248747  0.43504759 0.4785632  0.61596977]


Iteration [10]: 2024-05-28 17:02:02
Best score: 24.65554965453685
Best params: [0.4990134  0.97106059 0.8248747  0.43504759 0.4785632  0.61596977]


Iteration [11]: 2024-05-28 17:02:09
Best score: 24.65554965453685
Best params: [0.4990134  0.97106059 0.8248747  0.43504759 0.4785632  0.61596977]


Iteration [12]: 2024-05-28 17:02:15
Best score: 24.65554965453685
Best params: [0.4990134  0.97106059 0.8248747  0.43504759 0.4785632  0.61596977]


Iteration [13]: 2024-05-28 17:02:21
Best score: 24.65554965453685
Best params: [0.4990134  0.97106059 0.8248747  0.43504759 0.4785632  0.61596977]


Iteration [14]: 2024-05-28 17:02:27
Best score: 24.65554965453685
Best params: [0.4990134  0.97106059 0.8248747  0.43504759 0.4785632  0.61596977]


Iteration [15]: 2024-05-28 17:02:33
Best score: 24.65554965453685
Best params: [0.4990134  0.97106059 0.8248747  0.43504759 0.4785632  0.61596977]


Iteration [16]: 2024-05-28 17:02:39
Best score: 24.65554965453685
Best params: [0.4990134  0.97106059 0.8248747  0.43504759 0.4785632  0.61596977]


Iteration [17]: 2024-05-28 17:02:46
Best score: 24.65554965453685
Best params: [0.4990134  0.97106059 0.8248747  0.43504759 0.4785632  0.61596977]


Iteration [18]: 2024-05-28 17:02:51
Best score: 24.65554965453685
Best params: [0.4990134  0.97106059 0.8248747  0.43504759 0.4785632  0.61596977]


Iteration [19]: 2024-05-28 17:02:57
Best score: 24.65554965453685
Best params: [0.4990134  0.97106059 0.8248747  0.43504759 0.4785632  0.61596977]


Iteration [20]: 2024-05-28 17:03:03
Best score: 24.65554965453685
Best params: [0.4990134  0.97106059 0.8248747  0.43504759 0.4785632  0.61596977]
