

Iteration [0]: 2024-05-28 17:33:58
Best score improved: *--> 27.777864363278244 <--*
Best params: [0.3375157  0.84787295 1.41726575 0.48270608 0.72913192 1.42772777]


Iteration [1]: 2024-05-28 17:34:05
Best score: 27.777864363278244
Best params: [0.3375157  0.84787295 1.41726575 0.48270608 0.72913192 1.42772777]


Iteration [2]: 2024-05-28 17:34:12
Best score: 27.777864363278244
Best params: [0.3375157  0.84787295 1.41726575 0.48270608 0.72913192 1.42772777]


Iteration [3]: 2024-05-28 17:34:19
Best score: 27.777864363278244
Best params: [0.3375157  0.84787295 1.41726575 0.48270608 0.72913192 1.42772777]


Iteration [4]: 2024-05-28 17:34:25
Best score improved: *--> 26.745409760663897 <--*
Best params: [0.32108449 0.82294514 1.31982543 0.44960963 0.61993137 1.37368182]


Iteration [5]: 2024-05-28 17:34:32
Best score improved: *--> 26.212841166778897 <--*
Best params: [0.3310355  0.82934404 1.26209495 0.44154765 0.62978301 1.36763328]


Iteration [6]: 2024-05-28 17:34:40
Best score: 26.212841166778897
Best params: [0.3310355  0.82934404 1.26209495 0.44154765 0.62978301 1.36763328]


Iteration [7]: 2024-05-28 17:34:46
Best score: 26.212841166778897
Best params: [0.3310355  0.82934404 1.26209495 0.44154765 0.62978301 1.36763328]


Iteration [8]: 2024-05-28 17:34:53
Best score improved: *--> 23.048630115430452 <--*
Best params: [0.32845488 0.82378795 1.26022956 0.44563201 0.6371416  1.35756539]


Iteration [9]: 2024-05-28 17:34:59
Best score: 23.048630115430452
Best params: [0.32845488 0.82378795 1.26022956 0.44563201 0.6371416  1.35756539]


Iteration [10]: 2024-05-28 17:35:06
Best score: 23.048630115430452
Best params: [0.32845488 0.82378795 1.26022956 0.44563201 0.6371416  1.35756539]


Iteration [11]: 2024-05-28 17:35:12
Best score: 23.048630115430452
Best params: [0.32845488 0.82378795 1.26022956 0.44563201 0.6371416  1.35756539]


Iteration [12]: 2024-05-28 17:35:18
Best score: 23.048630115430452
Best params: [0.32845488 0.82378795 1.26022956 0.44563201 0.6371416  1.35756539]


Iteration [13]: 2024-05-28 17:35:24
Best score: 23.048630115430452
Best params: [0.32845488 0.82378795 1.26022956 0.44563201 0.6371416  1.35756539]


Iteration [14]: 2024-05-28 17:35:32
Best score: 23.048630115430452
Best params: [0.32845488 0.82378795 1.26022956 0.44563201 0.6371416  1.35756539]


Iteration [15]: 2024-05-28 17:35:38
Best score: 23.048630115430452
Best params: [0.32845488 0.82378795 1.26022956 0.44563201 0.6371416  1.35756539]


Iteration [16]: 2024-05-28 17:35:45
Best score: 23.048630115430452
Best params: [0.32845488 0.82378795 1.26022956 0.44563201 0.6371416  1.35756539]


Iteration [17]: 2024-05-28 17:35:52
Best score: 23.048630115430452
Best params: [0.32845488 0.82378795 1.26022956 0.44563201 0.6371416  1.35756539]


Iteration [18]: 2024-05-28 17:35:59
Best score: 23.048630115430452
Best params: [0.32845488 0.82378795 1.26022956 0.44563201 0.6371416  1.35756539]


Iteration [19]: 2024-05-28 17:36:05
Best score: 23.048630115430452
Best params: [0.32845488 0.82378795 1.26022956 0.44563201 0.6371416  1.35756539]


Iteration [20]: 2024-05-28 17:36:12
Best score: 23.048630115430452
Best params: [0.32845488 0.82378795 1.26022956 0.44563201 0.6371416  1.35756539]


Iteration [21]: 2024-05-28 17:36:18
Best score: 23.048630115430452
Best params: [0.32845488 0.82378795 1.26022956 0.44563201 0.6371416  1.35756539]


Iteration [22]: 2024-05-28 17:36:24
Best score: 23.048630115430452
Best params: [0.32845488 0.82378795 1.26022956 0.44563201 0.6371416  1.35756539]


Iteration [23]: 2024-05-28 17:36:30
Best score: 23.048630115430452
Best params: [0.32845488 0.82378795 1.26022956 0.44563201 0.6371416  1.35756539]


Iteration [24]: 2024-05-28 17:36:37
Best score: 23.048630115430452
Best params: [0.32845488 0.82378795 1.26022956 0.44563201 0.6371416  1.35756539]


Iteration [25]: 2024-05-28 17:36:43
Best score: 23.048630115430452
Best params: [0.32845488 0.82378795 1.26022956 0.44563201 0.6371416  1.35756539]


Iteration [26]: 2024-05-28 17:36:50
Best score: 23.048630115430452
Best params: [0.32845488 0.82378795 1.26022956 0.44563201 0.6371416  1.35756539]


Iteration [27]: 2024-05-28 17:36:56
Best score: 23.048630115430452
Best params: [0.32845488 0.82378795 1.26022956 0.44563201 0.6371416  1.35756539]


Iteration [28]: 2024-05-28 17:37:02
Best score: 23.048630115430452
Best params: [0.32845488 0.82378795 1.26022956 0.44563201 0.6371416  1.35756539]


Iteration [29]: 2024-05-28 17:37:08
Best score: 23.048630115430452
Best params: [0.32845488 0.82378795 1.26022956 0.44563201 0.6371416  1.35756539]


Iteration [30]: 2024-05-28 17:37:15
Best score: 23.048630115430452
Best params: [0.32845488 0.82378795 1.26022956 0.44563201 0.6371416  1.35756539]


Iteration [31]: 2024-05-28 17:37:21
Best score: 23.048630115430452
Best params: [0.32845488 0.82378795 1.26022956 0.44563201 0.6371416  1.35756539]


Iteration [32]: 2024-05-28 17:37:27
Best score: 23.048630115430452
Best params: [0.32845488 0.82378795 1.26022956 0.44563201 0.6371416  1.35756539]


Iteration [33]: 2024-05-28 17:37:33
Best score: 23.048630115430452
Best params: [0.32845488 0.82378795 1.26022956 0.44563201 0.6371416  1.35756539]


Iteration [34]: 2024-05-28 17:37:40
Best score: 23.048630115430452
Best params: [0.32845488 0.82378795 1.26022956 0.44563201 0.6371416  1.35756539]


Iteration [35]: 2024-05-28 17:37:46
Best score: 23.048630115430452
Best params: [0.32845488 0.82378795 1.26022956 0.44563201 0.6371416  1.35756539]


Iteration [36]: 2024-05-28 17:37:53
Best score: 23.048630115430452
Best params: [0.32845488 0.82378795 1.26022956 0.44563201 0.6371416  1.35756539]


Iteration [37]: 2024-05-28 17:37:59
Best score: 23.048630115430452
Best params: [0.32845488 0.82378795 1.26022956 0.44563201 0.6371416  1.35756539]


Iteration [38]: 2024-05-28 17:38:05
Best score: 23.048630115430452
Best params: [0.32845488 0.82378795 1.26022956 0.44563201 0.6371416  1.35756539]


Iteration [39]: 2024-05-28 17:38:12
Best score: 23.048630115430452
Best params: [0.32845488 0.82378795 1.26022956 0.44563201 0.6371416  1.35756539]


Iteration [40]: 2024-05-28 17:38:19
Best score: 23.048630115430452
Best params: [0.32845488 0.82378795 1.26022956 0.44563201 0.6371416  1.35756539]


Iteration [41]: 2024-05-28 17:38:25
Best score: 23.048630115430452
Best params: [0.32845488 0.82378795 1.26022956 0.44563201 0.6371416  1.35756539]


Iteration [42]: 2024-05-28 17:38:32
Best score: 23.048630115430452
Best params: [0.32845488 0.82378795 1.26022956 0.44563201 0.6371416  1.35756539]


Iteration [43]: 2024-05-28 17:38:38
Best score: 23.048630115430452
Best params: [0.32845488 0.82378795 1.26022956 0.44563201 0.6371416  1.35756539]


Iteration [44]: 2024-05-28 17:38:44
Best score: 23.048630115430452
Best params: [0.32845488 0.82378795 1.26022956 0.44563201 0.6371416  1.35756539]


Iteration [45]: 2024-05-28 17:38:50
Best score: 23.048630115430452
Best params: [0.32845488 0.82378795 1.26022956 0.44563201 0.6371416  1.35756539]
