

Iteration [0]: 2024-05-28 17:39:09
Best score improved: *--> 27.91639973515384 <--*
Best params: [0.04458317 1.88426036 1.54216912 0.77317124 0.28558592 0.45895977]


Iteration [1]: 2024-05-28 17:39:15
Best score improved: *--> 25.89575153082217 <--*
Best params: [0.         1.59567984 1.64626398 0.79466196 0.26909474 0.44289419]


Iteration [2]: 2024-05-28 17:39:21
Best score: 25.89575153082217
Best params: [0.         1.59567984 1.64626398 0.79466196 0.26909474 0.44289419]


Iteration [3]: 2024-05-28 17:39:27
Best score improved: *--> 25.64659881336983 <--*
Best params: [0.         1.56711095 1.67393693 0.75973863 0.20145538 0.17527645]


Iteration [4]: 2024-05-28 17:39:34
Best score improved: *--> 24.463206955576915 <--*
Best params: [0.00321673 1.5595689  1.67486288 0.74596027 0.18164955 0.13702033]


Iteration [5]: 2024-05-28 17:39:40
Best score: 24.463206955576915
Best params: [0.00321673 1.5595689  1.67486288 0.74596027 0.18164955 0.13702033]


Iteration [6]: 2024-05-28 17:39:46
Best score: 24.463206955576915
Best params: [0.00321673 1.5595689  1.67486288 0.74596027 0.18164955 0.13702033]


Iteration [7]: 2024-05-28 17:39:54
Best score: 24.463206955576915
Best params: [0.00321673 1.5595689  1.67486288 0.74596027 0.18164955 0.13702033]


Iteration [8]: 2024-05-28 17:40:01
Best score: 24.463206955576915
Best params: [0.00321673 1.5595689  1.67486288 0.74596027 0.18164955 0.13702033]


Iteration [9]: 2024-05-28 17:40:08
Best score: 24.463206955576915
Best params: [0.00321673 1.5595689  1.67486288 0.74596027 0.18164955 0.13702033]


Iteration [10]: 2024-05-28 17:40:15
Best score: 24.463206955576915
Best params: [0.00321673 1.5595689  1.67486288 0.74596027 0.18164955 0.13702033]


Iteration [11]: 2024-05-28 17:40:22
Best score: 24.463206955576915
Best params: [0.00321673 1.5595689  1.67486288 0.74596027 0.18164955 0.13702033]


Iteration [12]: 2024-05-28 17:40:29
Best score: 24.463206955576915
Best params: [0.00321673 1.5595689  1.67486288 0.74596027 0.18164955 0.13702033]


Iteration [13]: 2024-05-28 17:40:37
Best score: 24.463206955576915
Best params: [0.00321673 1.5595689  1.67486288 0.74596027 0.18164955 0.13702033]


Iteration [14]: 2024-05-28 17:40:44
Best score: 24.463206955576915
Best params: [0.00321673 1.5595689  1.67486288 0.74596027 0.18164955 0.13702033]


Iteration [15]: 2024-05-28 17:40:52
Best score: 24.463206955576915
Best params: [0.00321673 1.5595689  1.67486288 0.74596027 0.18164955 0.13702033]


Iteration [16]: 2024-05-28 17:40:59
Best score: 24.463206955576915
Best params: [0.00321673 1.5595689  1.67486288 0.74596027 0.18164955 0.13702033]


Iteration [17]: 2024-05-28 17:41:06
Best score: 24.463206955576915
Best params: [0.00321673 1.5595689  1.67486288 0.74596027 0.18164955 0.13702033]
