

Iteration [0]: 2024-05-28 18:17:07
Best score improved: *--> 35.54293751779311 <--*
Best params: [0.81229754 0.08515982 1.8604645  0.         1.69991958 0.10007657]


Iteration [1]: 2024-05-28 18:17:13
Best score improved: *--> 29.833971748451685 <--*
Best params: [0.96678672 0.5907022  1.56985137 0.13223946 1.74228738 0.07667409]


Iteration [2]: 2024-05-28 18:17:19
Best score improved: *--> 28.67123111775999 <--*
Best params: [0.96867187 0.57386456 1.61137347 0.10899901 1.78991961 0.04058491]


Iteration [3]: 2024-05-28 18:17:26
Best score: 28.67123111775999
Best params: [0.96867187 0.57386456 1.61137347 0.10899901 1.78991961 0.04058491]


Iteration [4]: 2024-05-28 18:17:32
Best score improved: *--> 27.64616324786567 <--*
Best params: [0.99511403 0.65397948 1.55671169 0.10119567 1.77418399 0.04533933]


Iteration [5]: 2024-05-28 18:17:38
Best score improved: *--> 27.53483351754544 <--*
Best params: [1.05013108 0.66592402 1.55591112 0.11823348 1.79681738 0.05105957]


Iteration [6]: 2024-05-28 18:17:44
Best score: 27.53483351754544
Best params: [1.05013108 0.66592402 1.55591112 0.11823348 1.79681738 0.05105957]


Iteration [7]: 2024-05-28 18:17:51
Best score: 27.53483351754544
Best params: [1.05013108 0.66592402 1.55591112 0.11823348 1.79681738 0.05105957]


Iteration [8]: 2024-05-28 18:17:57
Best score: 27.53483351754544
Best params: [1.05013108 0.66592402 1.55591112 0.11823348 1.79681738 0.05105957]


Iteration [9]: 2024-05-28 18:18:03
Best score: 27.53483351754544
Best params: [1.05013108 0.66592402 1.55591112 0.11823348 1.79681738 0.05105957]


Iteration [10]: 2024-05-28 18:18:09
Best score: 27.53483351754544
Best params: [1.05013108 0.66592402 1.55591112 0.11823348 1.79681738 0.05105957]


Iteration [11]: 2024-05-28 18:18:14
Best score: 27.53483351754544
Best params: [1.05013108 0.66592402 1.55591112 0.11823348 1.79681738 0.05105957]


Iteration [12]: 2024-05-28 18:18:20
Best score: 27.53483351754544
Best params: [1.05013108 0.66592402 1.55591112 0.11823348 1.79681738 0.05105957]


Iteration [13]: 2024-05-28 18:18:26
Best score: 27.53483351754544
Best params: [1.05013108 0.66592402 1.55591112 0.11823348 1.79681738 0.05105957]


Iteration [14]: 2024-05-28 18:18:31
Best score: 27.53483351754544
Best params: [1.05013108 0.66592402 1.55591112 0.11823348 1.79681738 0.05105957]


Iteration [15]: 2024-05-28 18:18:37
Best score improved: *--> 27.242221723870337 <--*
Best params: [1.05207637 0.66516335 1.55149165 0.11735128 1.79980437 0.05074088]


Iteration [16]: 2024-05-28 18:18:42
Best score: 27.242221723870337
Best params: [1.05207637 0.66516335 1.55149165 0.11735128 1.79980437 0.05074088]


Iteration [17]: 2024-05-28 18:18:48
Best score: 27.242221723870337
Best params: [1.05207637 0.66516335 1.55149165 0.11735128 1.79980437 0.05074088]


Iteration [18]: 2024-05-28 18:18:54
Best score: 27.242221723870337
Best params: [1.05207637 0.66516335 1.55149165 0.11735128 1.79980437 0.05074088]


Iteration [19]: 2024-05-28 18:18:59
Best score: 27.242221723870337
Best params: [1.05207637 0.66516335 1.55149165 0.11735128 1.79980437 0.05074088]


Iteration [20]: 2024-05-28 18:19:05
Best score: 27.242221723870337
Best params: [1.05207637 0.66516335 1.55149165 0.11735128 1.79980437 0.05074088]
