

Iteration [0]: 2024-05-28 19:38:44
Best score improved: *--> 27.22636267087871 <--*
Best params: [0.68849619 0.98314001 1.36049978 1.02560373 0.46411194 0.1465499 ]


Iteration [1]: 2024-05-28 19:39:14
Best score: 27.22636267087871
Best params: [0.68849619 0.98314001 1.36049978 1.02560373 0.46411194 0.1465499 ]


Iteration [2]: 2024-05-28 19:39:45
Best score improved: *--> 25.387790151737313 <--*
Best params: [0.70042598 1.1715501  1.37340145 1.35383975 0.50204891 0.36281078]


Iteration [3]: 2024-05-28 19:40:18
Best score improved: *--> 25.073054703694332 <--*
Best params: [0.722232   1.18788216 1.36034419 1.34417907 0.50739456 0.34706038]


Iteration [4]: 2024-05-28 19:40:52
Best score improved: *--> 24.9751088913126 <--*
Best params: [0.72033574 1.17773345 1.42725998 1.37072493 0.5310264  0.29874654]


Iteration [5]: 2024-05-28 19:41:24
Best score: 24.9751088913126
Best params: [0.72033574 1.17773345 1.42725998 1.37072493 0.5310264  0.29874654]


Iteration [6]: 2024-05-28 19:41:58
Best score: 24.9751088913126
Best params: [0.72033574 1.17773345 1.42725998 1.37072493 0.5310264  0.29874654]


Iteration [7]: 2024-05-28 19:42:31
Best score: 24.9751088913126
Best params: [0.72033574 1.17773345 1.42725998 1.37072493 0.5310264  0.29874654]


Iteration [8]: 2024-05-28 19:43:04
Best score: 24.9751088913126
Best params: [0.72033574 1.17773345 1.42725998 1.37072493 0.5310264  0.29874654]


Iteration [9]: 2024-05-28 19:43:38
Best score: 24.9751088913126
Best params: [0.72033574 1.17773345 1.42725998 1.37072493 0.5310264  0.29874654]


Iteration [10]: 2024-05-28 19:44:09
Best score: 24.9751088913126
Best params: [0.72033574 1.17773345 1.42725998 1.37072493 0.5310264  0.29874654]


Iteration [11]: 2024-05-28 19:44:44
Best score: 24.9751088913126
Best params: [0.72033574 1.17773345 1.42725998 1.37072493 0.5310264  0.29874654]


Iteration [12]: 2024-05-28 19:45:18
Best score improved: *--> 24.902487864384568 <--*
Best params: [0.70879298 1.20126133 1.43841261 1.36994358 0.53006257 0.30942902]


Iteration [13]: 2024-05-28 19:45:53
Best score: 24.902487864384568
Best params: [0.70879298 1.20126133 1.43841261 1.36994358 0.53006257 0.30942902]


Iteration [14]: 2024-05-28 19:46:27
Best score: 24.902487864384568
Best params: [0.70879298 1.20126133 1.43841261 1.36994358 0.53006257 0.30942902]


Iteration [15]: 2024-05-28 19:47:02
Best score: 24.902487864384568
Best params: [0.70879298 1.20126133 1.43841261 1.36994358 0.53006257 0.30942902]


Iteration [16]: 2024-05-28 19:47:36
Best score: 24.902487864384568
Best params: [0.70879298 1.20126133 1.43841261 1.36994358 0.53006257 0.30942902]


Iteration [17]: 2024-05-28 19:48:08
Best score: 24.902487864384568
Best params: [0.70879298 1.20126133 1.43841261 1.36994358 0.53006257 0.30942902]


Iteration [18]: 2024-05-28 19:48:41
Best score: 24.902487864384568
Best params: [0.70879298 1.20126133 1.43841261 1.36994358 0.53006257 0.30942902]


Iteration [19]: 2024-05-28 19:49:13
Best score: 24.902487864384568
Best params: [0.70879298 1.20126133 1.43841261 1.36994358 0.53006257 0.30942902]


Iteration [20]: 2024-05-28 19:49:43
Best score: 24.902487864384568
Best params: [0.70879298 1.20126133 1.43841261 1.36994358 0.53006257 0.30942902]


Iteration [21]: 2024-05-28 19:50:13
Best score: 24.902487864384568
Best params: [0.70879298 1.20126133 1.43841261 1.36994358 0.53006257 0.30942902]


Iteration [22]: 2024-05-28 19:50:44
Best score: 24.902487864384568
Best params: [0.70879298 1.20126133 1.43841261 1.36994358 0.53006257 0.30942902]


Iteration [23]: 2024-05-28 19:51:21
Best score: 24.902487864384568
Best params: [0.70879298 1.20126133 1.43841261 1.36994358 0.53006257 0.30942902]


Iteration [24]: 2024-05-28 19:51:57
Best score: 24.902487864384568
Best params: [0.70879298 1.20126133 1.43841261 1.36994358 0.53006257 0.30942902]


Iteration [25]: 2024-05-28 19:52:30
Best score: 24.902487864384568
Best params: [0.70879298 1.20126133 1.43841261 1.36994358 0.53006257 0.30942902]
