

Iteration [0]: 2024-05-28 16:58:38
Best score improved: *--> 29.630222051149083 <--*
Best params: [0.66896702 0.35674516 1.2265645  0.30159676 0.68095673 0.15143971]


Iteration [1]: 2024-05-28 16:58:43
Best score: 29.630222051149083
Best params: [0.66896702 0.35674516 1.2265645  0.30159676 0.68095673 0.15143971]


Iteration [2]: 2024-05-28 16:58:49
Best score improved: *--> 27.93876171217503 <--*
Best params: [0.53759187 0.32380746 1.41589616 0.55895166 0.50713305 0.4617078 ]


Iteration [3]: 2024-05-28 16:58:56
Best score: 27.93876171217503
Best params: [0.53759187 0.32380746 1.41589616 0.55895166 0.50713305 0.4617078 ]


Iteration [4]: 2024-05-28 16:59:03
Best score improved: *--> 27.793729664975103 <--*
Best params: [0.5193886  0.36957703 1.46100887 0.5832842  0.4617078  0.34925619]


Iteration [5]: 2024-05-28 16:59:09
Best score: 27.793729664975103
Best params: [0.5193886  0.36957703 1.46100887 0.5832842  0.4617078  0.34925619]


Iteration [6]: 2024-05-28 16:59:16
Best score: 27.793729664975103
Best params: [0.5193886  0.36957703 1.46100887 0.5832842  0.4617078  0.34925619]


Iteration [7]: 2024-05-28 16:59:23
Best score: 27.793729664975103
Best params: [0.5193886  0.36957703 1.46100887 0.5832842  0.4617078  0.34925619]


Iteration [8]: 2024-05-28 16:59:29
Best score improved: *--> 27.29375913588361 <--*
Best params: [0.43165266 1.06428463 1.72667632 0.         0.31713122 0.25978202]


Iteration [9]: 2024-05-28 16:59:35
Best score: 27.29375913588361
Best params: [0.43165266 1.06428463 1.72667632 0.         0.31713122 0.25978202]


Iteration [10]: 2024-05-28 16:59:42
Best score: 27.29375913588361
Best params: [0.43165266 1.06428463 1.72667632 0.         0.31713122 0.25978202]


Iteration [11]: 2024-05-28 16:59:48
Best score: 27.29375913588361
Best params: [0.43165266 1.06428463 1.72667632 0.         0.31713122 0.25978202]


Iteration [12]: 2024-05-28 16:59:54
Best score: 27.29375913588361
Best params: [0.43165266 1.06428463 1.72667632 0.         0.31713122 0.25978202]


Iteration [13]: 2024-05-28 17:00:00
Best score: 27.29375913588361
Best params: [0.43165266 1.06428463 1.72667632 0.         0.31713122 0.25978202]


Iteration [14]: 2024-05-28 17:00:06
Best score improved: *--> 26.175226992302413 <--*
Best params: [0.4617078  1.15654797 2.         0.36207469 0.06574897 0.92461716]


Iteration [15]: 2024-05-28 17:00:12
Best score: 26.175226992302413
Best params: [0.4617078  1.15654797 2.         0.36207469 0.06574897 0.92461716]
