

Iteration [0]: 2024-05-28 18:19:18
Best score: 27.440269332670233
Best params: [0.587984   0.25343043 1.93559617 0.18049795 0.18295153 0.68907337]


Iteration [1]: 2024-05-28 18:19:24
Best score improved: *--> 26.99236804926474 <--*
Best params: [0.36738714 0.51379917 1.76578423 0.52634886 0.3328556  0.44667272]


Iteration [2]: 2024-05-28 18:19:30
Best score improved: *--> 26.50531138269404 <--*
Best params: [0.50838878 0.45903341 1.69906218 0.34437739 0.14280477 0.37745404]


Iteration [3]: 2024-05-28 18:19:35
Best score improved: *--> 23.684038324133855 <--*
Best params: [0.51882769 0.42328154 1.85938641 0.4877913  0.24875521 0.36956216]


Iteration [4]: 2024-05-28 18:19:41
Best score: 23.684038324133855
Best params: [0.51882769 0.42328154 1.85938641 0.4877913  0.24875521 0.36956216]


Iteration [5]: 2024-05-28 18:19:46
Best score: 23.684038324133855
Best params: [0.51882769 0.42328154 1.85938641 0.4877913  0.24875521 0.36956216]


Iteration [6]: 2024-05-28 18:19:52
Best score: 23.684038324133855
Best params: [0.51882769 0.42328154 1.85938641 0.4877913  0.24875521 0.36956216]


Iteration [7]: 2024-05-28 18:19:57
Best score: 23.684038324133855
Best params: [0.51882769 0.42328154 1.85938641 0.4877913  0.24875521 0.36956216]


Iteration [8]: 2024-05-28 18:20:03
Best score: 23.684038324133855
Best params: [0.51882769 0.42328154 1.85938641 0.4877913  0.24875521 0.36956216]


Iteration [9]: 2024-05-28 18:20:09
Best score: 23.684038324133855
Best params: [0.51882769 0.42328154 1.85938641 0.4877913  0.24875521 0.36956216]


Iteration [10]: 2024-05-28 18:20:14
Best score: 23.684038324133855
Best params: [0.51882769 0.42328154 1.85938641 0.4877913  0.24875521 0.36956216]


Iteration [11]: 2024-05-28 18:20:20
Best score: 23.684038324133855
Best params: [0.51882769 0.42328154 1.85938641 0.4877913  0.24875521 0.36956216]


Iteration [12]: 2024-05-28 18:20:25
Best score: 23.684038324133855
Best params: [0.51882769 0.42328154 1.85938641 0.4877913  0.24875521 0.36956216]


Iteration [13]: 2024-05-28 18:20:31
Best score: 23.684038324133855
Best params: [0.51882769 0.42328154 1.85938641 0.4877913  0.24875521 0.36956216]


Iteration [14]: 2024-05-28 18:20:37
Best score: 23.684038324133855
Best params: [0.51882769 0.42328154 1.85938641 0.4877913  0.24875521 0.36956216]


Iteration [15]: 2024-05-28 18:20:42
Best score: 23.684038324133855
Best params: [0.51882769 0.42328154 1.85938641 0.4877913  0.24875521 0.36956216]


Iteration [16]: 2024-05-28 18:20:48
Best score: 23.684038324133855
Best params: [0.51882769 0.42328154 1.85938641 0.4877913  0.24875521 0.36956216]


Iteration [17]: 2024-05-28 18:20:53
Best score: 23.684038324133855
Best params: [0.51882769 0.42328154 1.85938641 0.4877913  0.24875521 0.36956216]


Iteration [18]: 2024-05-28 18:20:59
Best score: 23.684038324133855
Best params: [0.51882769 0.42328154 1.85938641 0.4877913  0.24875521 0.36956216]


Iteration [19]: 2024-05-28 18:21:05
Best score: 23.684038324133855
Best params: [0.51882769 0.42328154 1.85938641 0.4877913  0.24875521 0.36956216]


Iteration [20]: 2024-05-28 18:21:10
Best score: 23.684038324133855
Best params: [0.51882769 0.42328154 1.85938641 0.4877913  0.24875521 0.36956216]


Iteration [21]: 2024-05-28 18:21:16
Best score: 23.684038324133855
Best params: [0.51882769 0.42328154 1.85938641 0.4877913  0.24875521 0.36956216]


Iteration [22]: 2024-05-28 18:21:21
Best score: 23.684038324133855
Best params: [0.51882769 0.42328154 1.85938641 0.4877913  0.24875521 0.36956216]


Iteration [23]: 2024-05-28 18:21:27
Best score: 23.684038324133855
Best params: [0.51882769 0.42328154 1.85938641 0.4877913  0.24875521 0.36956216]


Iteration [24]: 2024-05-28 18:21:33
Best score: 23.684038324133855
Best params: [0.51882769 0.42328154 1.85938641 0.4877913  0.24875521 0.36956216]


Iteration [25]: 2024-05-28 18:21:38
Best score: 23.684038324133855
Best params: [0.51882769 0.42328154 1.85938641 0.4877913  0.24875521 0.36956216]


Iteration [26]: 2024-05-28 18:21:44
Best score: 23.684038324133855
Best params: [0.51882769 0.42328154 1.85938641 0.4877913  0.24875521 0.36956216]


Iteration [27]: 2024-05-28 18:21:49
Best score: 23.684038324133855
Best params: [0.51882769 0.42328154 1.85938641 0.4877913  0.24875521 0.36956216]


Iteration [28]: 2024-05-28 18:21:55
Best score: 23.684038324133855
Best params: [0.51882769 0.42328154 1.85938641 0.4877913  0.24875521 0.36956216]


Iteration [29]: 2024-05-28 18:22:01
Best score: 23.684038324133855
Best params: [0.51882769 0.42328154 1.85938641 0.4877913  0.24875521 0.36956216]


Iteration [30]: 2024-05-28 18:22:06
Best score: 23.684038324133855
Best params: [0.51882769 0.42328154 1.85938641 0.4877913  0.24875521 0.36956216]


Iteration [31]: 2024-05-28 18:22:12
Best score: 23.684038324133855
Best params: [0.51882769 0.42328154 1.85938641 0.4877913  0.24875521 0.36956216]


Iteration [32]: 2024-05-28 18:22:17
Best score: 23.684038324133855
Best params: [0.51882769 0.42328154 1.85938641 0.4877913  0.24875521 0.36956216]


Iteration [33]: 2024-05-28 18:22:23
Best score: 23.684038324133855
Best params: [0.51882769 0.42328154 1.85938641 0.4877913  0.24875521 0.36956216]


Iteration [34]: 2024-05-28 18:22:28
Best score: 23.684038324133855
Best params: [0.51882769 0.42328154 1.85938641 0.4877913  0.24875521 0.36956216]


Iteration [35]: 2024-05-28 18:22:34
Best score: 23.684038324133855
Best params: [0.51882769 0.42328154 1.85938641 0.4877913  0.24875521 0.36956216]


Iteration [36]: 2024-05-28 18:22:39
Best score improved: *--> 23.428147652093624 <--*
Best params: [0.51930258 0.42093627 1.85435409 0.48952241 0.23569147 0.37010152]


Iteration [37]: 2024-05-28 18:22:45
Best score: 23.428147652093624
Best params: [0.51930258 0.42093627 1.85435409 0.48952241 0.23569147 0.37010152]


Iteration [38]: 2024-05-28 18:22:50
Best score: 23.428147652093624
Best params: [0.51930258 0.42093627 1.85435409 0.48952241 0.23569147 0.37010152]


Iteration [39]: 2024-05-28 18:22:56
Best score: 23.428147652093624
Best params: [0.51930258 0.42093627 1.85435409 0.48952241 0.23569147 0.37010152]


Iteration [40]: 2024-05-28 18:23:02
Best score: 23.428147652093624
Best params: [0.51930258 0.42093627 1.85435409 0.48952241 0.23569147 0.37010152]


Iteration [41]: 2024-05-28 18:23:07
Best score: 23.428147652093624
Best params: [0.51930258 0.42093627 1.85435409 0.48952241 0.23569147 0.37010152]


Iteration [42]: 2024-05-28 18:23:13
Best score: 23.428147652093624
Best params: [0.51930258 0.42093627 1.85435409 0.48952241 0.23569147 0.37010152]


Iteration [43]: 2024-05-28 18:23:18
Best score: 23.428147652093624
Best params: [0.51930258 0.42093627 1.85435409 0.48952241 0.23569147 0.37010152]


Iteration [44]: 2024-05-28 18:23:24
Best score: 23.428147652093624
Best params: [0.51930258 0.42093627 1.85435409 0.48952241 0.23569147 0.37010152]


Iteration [45]: 2024-05-28 18:23:29
Best score: 23.428147652093624
Best params: [0.51930258 0.42093627 1.85435409 0.48952241 0.23569147 0.37010152]


Iteration [46]: 2024-05-28 18:23:35
Best score: 23.428147652093624
Best params: [0.51930258 0.42093627 1.85435409 0.48952241 0.23569147 0.37010152]


Iteration [47]: 2024-05-28 18:23:41
Best score: 23.428147652093624
Best params: [0.51930258 0.42093627 1.85435409 0.48952241 0.23569147 0.37010152]


Iteration [48]: 2024-05-28 18:23:46
Best score: 23.428147652093624
Best params: [0.51930258 0.42093627 1.85435409 0.48952241 0.23569147 0.37010152]


Iteration [49]: 2024-05-28 18:23:52
Best score: 23.428147652093624
Best params: [0.51930258 0.42093627 1.85435409 0.48952241 0.23569147 0.37010152]


Iteration [50]: 2024-05-28 18:23:57
Best score: 23.428147652093624
Best params: [0.51930258 0.42093627 1.85435409 0.48952241 0.23569147 0.37010152]


Iteration [51]: 2024-05-28 18:24:03
Best score: 23.428147652093624
Best params: [0.51930258 0.42093627 1.85435409 0.48952241 0.23569147 0.37010152]


Iteration [52]: 2024-05-28 18:24:09
Best score: 23.428147652093624
Best params: [0.51930258 0.42093627 1.85435409 0.48952241 0.23569147 0.37010152]


Iteration [53]: 2024-05-28 18:24:14
Best score: 23.428147652093624
Best params: [0.51930258 0.42093627 1.85435409 0.48952241 0.23569147 0.37010152]


Iteration [54]: 2024-05-28 18:24:20
Best score: 23.428147652093624
Best params: [0.51930258 0.42093627 1.85435409 0.48952241 0.23569147 0.37010152]


Iteration [55]: 2024-05-28 18:24:26
Best score: 23.428147652093624
Best params: [0.51930258 0.42093627 1.85435409 0.48952241 0.23569147 0.37010152]


Iteration [56]: 2024-05-28 18:24:31
Best score: 23.428147652093624
Best params: [0.51930258 0.42093627 1.85435409 0.48952241 0.23569147 0.37010152]


Iteration [57]: 2024-05-28 18:24:37
Best score: 23.428147652093624
Best params: [0.51930258 0.42093627 1.85435409 0.48952241 0.23569147 0.37010152]


Iteration [58]: 2024-05-28 18:24:42
Best score: 23.428147652093624
Best params: [0.51930258 0.42093627 1.85435409 0.48952241 0.23569147 0.37010152]


Iteration [59]: 2024-05-28 18:24:48
Best score: 23.428147652093624
Best params: [0.51930258 0.42093627 1.85435409 0.48952241 0.23569147 0.37010152]


Iteration [60]: 2024-05-28 18:24:53
Best score: 23.428147652093624
Best params: [0.51930258 0.42093627 1.85435409 0.48952241 0.23569147 0.37010152]


Iteration [61]: 2024-05-28 18:24:59
Best score: 23.428147652093624
Best params: [0.51930258 0.42093627 1.85435409 0.48952241 0.23569147 0.37010152]


Iteration [62]: 2024-05-28 18:25:05
Best score: 23.428147652093624
Best params: [0.51930258 0.42093627 1.85435409 0.48952241 0.23569147 0.37010152]


Iteration [63]: 2024-05-28 18:25:10
Best score: 23.428147652093624
Best params: [0.51930258 0.42093627 1.85435409 0.48952241 0.23569147 0.37010152]


Iteration [64]: 2024-05-28 18:25:16
Best score: 23.428147652093624
Best params: [0.51930258 0.42093627 1.85435409 0.48952241 0.23569147 0.37010152]


Iteration [65]: 2024-05-28 18:25:21
Best score: 23.428147652093624
Best params: [0.51930258 0.42093627 1.85435409 0.48952241 0.23569147 0.37010152]


Iteration [66]: 2024-05-28 18:25:27
Best score: 23.428147652093624
Best params: [0.51930258 0.42093627 1.85435409 0.48952241 0.23569147 0.37010152]


Iteration [67]: 2024-05-28 18:25:33
Best score: 23.428147652093624
Best params: [0.51930258 0.42093627 1.85435409 0.48952241 0.23569147 0.37010152]


Iteration [68]: 2024-05-28 18:25:38
Best score: 23.428147652093624
Best params: [0.51930258 0.42093627 1.85435409 0.48952241 0.23569147 0.37010152]


Iteration [69]: 2024-05-28 18:25:44
Best score: 23.428147652093624
Best params: [0.51930258 0.42093627 1.85435409 0.48952241 0.23569147 0.37010152]


Iteration [70]: 2024-05-28 18:25:49
Best score: 23.428147652093624
Best params: [0.51930258 0.42093627 1.85435409 0.48952241 0.23569147 0.37010152]


Iteration [71]: 2024-05-28 18:25:55
Best score: 23.428147652093624
Best params: [0.51930258 0.42093627 1.85435409 0.48952241 0.23569147 0.37010152]


Iteration [72]: 2024-05-28 18:26:01
Best score: 23.428147652093624
Best params: [0.51930258 0.42093627 1.85435409 0.48952241 0.23569147 0.37010152]


Iteration [73]: 2024-05-28 18:26:06
Best score improved: *--> 23.138009307778002 <--*
Best params: [0.51460078 0.42801906 1.85438936 0.49513103 0.23660232 0.36841639]


Iteration [74]: 2024-05-28 18:26:12
Best score: 23.138009307778002
Best params: [0.51460078 0.42801906 1.85438936 0.49513103 0.23660232 0.36841639]


Iteration [75]: 2024-05-28 18:26:17
Best score: 23.138009307778002
Best params: [0.51460078 0.42801906 1.85438936 0.49513103 0.23660232 0.36841639]


Iteration [76]: 2024-05-28 18:26:23
Best score: 23.138009307778002
Best params: [0.51460078 0.42801906 1.85438936 0.49513103 0.23660232 0.36841639]


Iteration [77]: 2024-05-28 18:26:28
Best score: 23.138009307778002
Best params: [0.51460078 0.42801906 1.85438936 0.49513103 0.23660232 0.36841639]


Iteration [78]: 2024-05-28 18:26:34
Best score: 23.138009307778002
Best params: [0.51460078 0.42801906 1.85438936 0.49513103 0.23660232 0.36841639]


Iteration [79]: 2024-05-28 18:26:40
Best score: 23.138009307778002
Best params: [0.51460078 0.42801906 1.85438936 0.49513103 0.23660232 0.36841639]


Iteration [80]: 2024-05-28 18:26:45
Best score: 23.138009307778002
Best params: [0.51460078 0.42801906 1.85438936 0.49513103 0.23660232 0.36841639]


Iteration [81]: 2024-05-28 18:26:51
Best score: 23.138009307778002
Best params: [0.51460078 0.42801906 1.85438936 0.49513103 0.23660232 0.36841639]


Iteration [82]: 2024-05-28 18:26:56
Best score: 23.138009307778002
Best params: [0.51460078 0.42801906 1.85438936 0.49513103 0.23660232 0.36841639]


Iteration [83]: 2024-05-28 18:27:02
Best score: 23.138009307778002
Best params: [0.51460078 0.42801906 1.85438936 0.49513103 0.23660232 0.36841639]


Iteration [84]: 2024-05-28 18:27:07
Best score: 23.138009307778002
Best params: [0.51460078 0.42801906 1.85438936 0.49513103 0.23660232 0.36841639]


Iteration [85]: 2024-05-28 18:27:13
Best score: 23.138009307778002
Best params: [0.51460078 0.42801906 1.85438936 0.49513103 0.23660232 0.36841639]


Iteration [86]: 2024-05-28 18:27:18
Best score: 23.138009307778002
Best params: [0.51460078 0.42801906 1.85438936 0.49513103 0.23660232 0.36841639]


Iteration [87]: 2024-05-28 18:27:24
Best score: 23.138009307778002
Best params: [0.51460078 0.42801906 1.85438936 0.49513103 0.23660232 0.36841639]


Iteration [88]: 2024-05-28 18:27:30
Best score: 23.138009307778002
Best params: [0.51460078 0.42801906 1.85438936 0.49513103 0.23660232 0.36841639]


Iteration [89]: 2024-05-28 18:27:36
Best score: 23.138009307778002
Best params: [0.51460078 0.42801906 1.85438936 0.49513103 0.23660232 0.36841639]


Iteration [90]: 2024-05-28 18:27:42
Best score: 23.138009307778002
Best params: [0.51460078 0.42801906 1.85438936 0.49513103 0.23660232 0.36841639]


Iteration [91]: 2024-05-28 18:27:48
Best score: 23.138009307778002
Best params: [0.51460078 0.42801906 1.85438936 0.49513103 0.23660232 0.36841639]


Iteration [92]: 2024-05-28 18:27:54
Best score: 23.138009307778002
Best params: [0.51460078 0.42801906 1.85438936 0.49513103 0.23660232 0.36841639]


Iteration [93]: 2024-05-28 18:27:59
Best score: 23.138009307778002
Best params: [0.51460078 0.42801906 1.85438936 0.49513103 0.23660232 0.36841639]


Iteration [94]: 2024-05-28 18:28:05
Best score: 23.138009307778002
Best params: [0.51460078 0.42801906 1.85438936 0.49513103 0.23660232 0.36841639]


Iteration [95]: 2024-05-28 18:28:11
Best score: 23.138009307778002
Best params: [0.51460078 0.42801906 1.85438936 0.49513103 0.23660232 0.36841639]


Iteration [96]: 2024-05-28 18:28:16
Best score: 23.138009307778002
Best params: [0.51460078 0.42801906 1.85438936 0.49513103 0.23660232 0.36841639]


Iteration [97]: 2024-05-28 18:28:22
Best score: 23.138009307778002
Best params: [0.51460078 0.42801906 1.85438936 0.49513103 0.23660232 0.36841639]


Iteration [98]: 2024-05-28 18:28:28
Best score: 23.138009307778002
Best params: [0.51460078 0.42801906 1.85438936 0.49513103 0.23660232 0.36841639]


Iteration [99]: 2024-05-28 18:28:33
Best score: 23.138009307778002
Best params: [0.51460078 0.42801906 1.85438936 0.49513103 0.23660232 0.36841639]
