

Iteration [0]: 2024-05-28 22:18:58
Best score improved: *--> 26.023893345995603 <--*
Best params: [0.44505421 1.30159702 1.1323813  1.25534045 0.14539481 0.32981472]


Iteration [1]: 2024-05-28 22:19:04
Best score: 26.023893345995603
Best params: [0.44505421 1.30159702 1.1323813  1.25534045 0.14539481 0.32981472]


Iteration [2]: 2024-05-28 22:19:09
Best score: 26.023893345995603
Best params: [0.44505421 1.30159702 1.1323813  1.25534045 0.14539481 0.32981472]


Iteration [3]: 2024-05-28 22:19:15
Best score improved: *--> 23.205912885276874 <--*
Best params: [0.39296684 1.34525513 1.10405112 1.2616992  0.14199719 0.32654272]


Iteration [4]: 2024-05-28 22:19:20
Best score: 23.205912885276874
Best params: [0.39296684 1.34525513 1.10405112 1.2616992  0.14199719 0.32654272]


Iteration [5]: 2024-05-28 22:19:26
Best score: 23.205912885276874
Best params: [0.39296684 1.34525513 1.10405112 1.2616992  0.14199719 0.32654272]


Iteration [6]: 2024-05-28 22:19:32
Best score: 23.205912885276874
Best params: [0.39296684 1.34525513 1.10405112 1.2616992  0.14199719 0.32654272]


Iteration [7]: 2024-05-28 22:19:37
Best score: 23.205912885276874
Best params: [0.39296684 1.34525513 1.10405112 1.2616992  0.14199719 0.32654272]


Iteration [8]: 2024-05-28 22:19:43
Best score: 23.205912885276874
Best params: [0.39296684 1.34525513 1.10405112 1.2616992  0.14199719 0.32654272]


Iteration [9]: 2024-05-28 22:19:49
Best score: 23.205912885276874
Best params: [0.39296684 1.34525513 1.10405112 1.2616992  0.14199719 0.32654272]


Iteration [10]: 2024-05-28 22:19:54
Best score: 23.205912885276874
Best params: [0.39296684 1.34525513 1.10405112 1.2616992  0.14199719 0.32654272]


Iteration [11]: 2024-05-28 22:20:00
Best score: 23.205912885276874
Best params: [0.39296684 1.34525513 1.10405112 1.2616992  0.14199719 0.32654272]


Iteration [12]: 2024-05-28 22:20:05
Best score: 23.205912885276874
Best params: [0.39296684 1.34525513 1.10405112 1.2616992  0.14199719 0.32654272]


Iteration [13]: 2024-05-28 22:20:11
Best score: 23.205912885276874
Best params: [0.39296684 1.34525513 1.10405112 1.2616992  0.14199719 0.32654272]


Iteration [14]: 2024-05-28 22:20:16
Best score: 23.205912885276874
Best params: [0.39296684 1.34525513 1.10405112 1.2616992  0.14199719 0.32654272]


Iteration [15]: 2024-05-28 22:20:22
Best score improved: *--> 21.78265614401312 <--*
Best params: [0.40300171 1.35363936 1.09325765 1.25113621 0.14358393 0.34075969]


Iteration [16]: 2024-05-28 22:20:28
Best score: 21.78265614401312
Best params: [0.40300171 1.35363936 1.09325765 1.25113621 0.14358393 0.34075969]


Iteration [17]: 2024-05-28 22:20:33
Best score: 21.78265614401312
Best params: [0.40300171 1.35363936 1.09325765 1.25113621 0.14358393 0.34075969]


Iteration [18]: 2024-05-28 22:20:39
Best score: 21.78265614401312
Best params: [0.40300171 1.35363936 1.09325765 1.25113621 0.14358393 0.34075969]


Iteration [19]: 2024-05-28 22:20:45
Best score: 21.78265614401312
Best params: [0.40300171 1.35363936 1.09325765 1.25113621 0.14358393 0.34075969]


Iteration [20]: 2024-05-28 22:20:50
Best score: 21.78265614401312
Best params: [0.40300171 1.35363936 1.09325765 1.25113621 0.14358393 0.34075969]


Iteration [21]: 2024-05-28 22:20:56
Best score: 21.78265614401312
Best params: [0.40300171 1.35363936 1.09325765 1.25113621 0.14358393 0.34075969]


Iteration [22]: 2024-05-28 22:21:01
Best score: 21.78265614401312
Best params: [0.40300171 1.35363936 1.09325765 1.25113621 0.14358393 0.34075969]


Iteration [23]: 2024-05-28 22:21:07
Best score: 21.78265614401312
Best params: [0.40300171 1.35363936 1.09325765 1.25113621 0.14358393 0.34075969]


Iteration [24]: 2024-05-28 22:21:13
Best score: 21.78265614401312
Best params: [0.40300171 1.35363936 1.09325765 1.25113621 0.14358393 0.34075969]


Iteration [25]: 2024-05-28 22:21:18
Best score: 21.78265614401312
Best params: [0.40300171 1.35363936 1.09325765 1.25113621 0.14358393 0.34075969]


Iteration [26]: 2024-05-28 22:21:24
Best score: 21.78265614401312
Best params: [0.40300171 1.35363936 1.09325765 1.25113621 0.14358393 0.34075969]


Iteration [27]: 2024-05-28 22:21:30
Best score: 21.78265614401312
Best params: [0.40300171 1.35363936 1.09325765 1.25113621 0.14358393 0.34075969]


Iteration [28]: 2024-05-28 22:21:35
Best score: 21.78265614401312
Best params: [0.40300171 1.35363936 1.09325765 1.25113621 0.14358393 0.34075969]


Iteration [29]: 2024-05-28 22:21:41
Best score: 21.78265614401312
Best params: [0.40300171 1.35363936 1.09325765 1.25113621 0.14358393 0.34075969]


Iteration [30]: 2024-05-28 22:21:46
Best score: 21.78265614401312
Best params: [0.40300171 1.35363936 1.09325765 1.25113621 0.14358393 0.34075969]


Iteration [31]: 2024-05-28 22:21:52
Best score: 21.78265614401312
Best params: [0.40300171 1.35363936 1.09325765 1.25113621 0.14358393 0.34075969]


Iteration [32]: 2024-05-28 22:21:58
Best score: 21.78265614401312
Best params: [0.40300171 1.35363936 1.09325765 1.25113621 0.14358393 0.34075969]


Iteration [33]: 2024-05-28 22:22:03
Best score: 21.78265614401312
Best params: [0.40300171 1.35363936 1.09325765 1.25113621 0.14358393 0.34075969]


Iteration [34]: 2024-05-28 22:22:09
Best score: 21.78265614401312
Best params: [0.40300171 1.35363936 1.09325765 1.25113621 0.14358393 0.34075969]


Iteration [35]: 2024-05-28 22:22:14
Best score: 21.78265614401312
Best params: [0.40300171 1.35363936 1.09325765 1.25113621 0.14358393 0.34075969]


Iteration [36]: 2024-05-28 22:22:20
Best score: 21.78265614401312
Best params: [0.40300171 1.35363936 1.09325765 1.25113621 0.14358393 0.34075969]


Iteration [37]: 2024-05-28 22:22:26
Best score: 21.78265614401312
Best params: [0.40300171 1.35363936 1.09325765 1.25113621 0.14358393 0.34075969]


Iteration [38]: 2024-05-28 22:22:31
Best score: 21.78265614401312
Best params: [0.40300171 1.35363936 1.09325765 1.25113621 0.14358393 0.34075969]


Iteration [39]: 2024-05-28 22:22:37
Best score: 21.78265614401312
Best params: [0.40300171 1.35363936 1.09325765 1.25113621 0.14358393 0.34075969]


Iteration [40]: 2024-05-28 22:22:42
Best score: 21.78265614401312
Best params: [0.40300171 1.35363936 1.09325765 1.25113621 0.14358393 0.34075969]


Iteration [41]: 2024-05-28 22:22:48
Best score: 21.78265614401312
Best params: [0.40300171 1.35363936 1.09325765 1.25113621 0.14358393 0.34075969]


Iteration [42]: 2024-05-28 22:22:54
Best score: 21.78265614401312
Best params: [0.40300171 1.35363936 1.09325765 1.25113621 0.14358393 0.34075969]


Iteration [43]: 2024-05-28 22:22:59
Best score: 21.78265614401312
Best params: [0.40300171 1.35363936 1.09325765 1.25113621 0.14358393 0.34075969]


Iteration [44]: 2024-05-28 22:23:05
Best score: 21.78265614401312
Best params: [0.40300171 1.35363936 1.09325765 1.25113621 0.14358393 0.34075969]


Iteration [45]: 2024-05-28 22:23:11
Best score: 21.78265614401312
Best params: [0.40300171 1.35363936 1.09325765 1.25113621 0.14358393 0.34075969]


Iteration [46]: 2024-05-28 22:23:16
Best score: 21.78265614401312
Best params: [0.40300171 1.35363936 1.09325765 1.25113621 0.14358393 0.34075969]


Iteration [47]: 2024-05-28 22:23:22
Best score: 21.78265614401312
Best params: [0.40300171 1.35363936 1.09325765 1.25113621 0.14358393 0.34075969]


Iteration [48]: 2024-05-28 22:23:28
Best score: 21.78265614401312
Best params: [0.40300171 1.35363936 1.09325765 1.25113621 0.14358393 0.34075969]


Iteration [49]: 2024-05-28 22:23:33
Best score: 21.78265614401312
Best params: [0.40300171 1.35363936 1.09325765 1.25113621 0.14358393 0.34075969]


Iteration [50]: 2024-05-28 22:23:39
Best score: 21.78265614401312
Best params: [0.40300171 1.35363936 1.09325765 1.25113621 0.14358393 0.34075969]


Iteration [51]: 2024-05-28 22:23:45
Best score: 21.78265614401312
Best params: [0.40300171 1.35363936 1.09325765 1.25113621 0.14358393 0.34075969]


Iteration [52]: 2024-05-28 22:23:50
Best score: 21.78265614401312
Best params: [0.40300171 1.35363936 1.09325765 1.25113621 0.14358393 0.34075969]


Iteration [53]: 2024-05-28 22:23:56
Best score: 21.78265614401312
Best params: [0.40300171 1.35363936 1.09325765 1.25113621 0.14358393 0.34075969]


Iteration [54]: 2024-05-28 22:24:01
Best score: 21.78265614401312
Best params: [0.40300171 1.35363936 1.09325765 1.25113621 0.14358393 0.34075969]


Iteration [55]: 2024-05-28 22:24:07
Best score: 21.78265614401312
Best params: [0.40300171 1.35363936 1.09325765 1.25113621 0.14358393 0.34075969]


Iteration [56]: 2024-05-28 22:24:13
Best score: 21.78265614401312
Best params: [0.40300171 1.35363936 1.09325765 1.25113621 0.14358393 0.34075969]


Iteration [57]: 2024-05-28 22:24:18
Best score: 21.78265614401312
Best params: [0.40300171 1.35363936 1.09325765 1.25113621 0.14358393 0.34075969]


Iteration [58]: 2024-05-28 22:24:24
Best score: 21.78265614401312
Best params: [0.40300171 1.35363936 1.09325765 1.25113621 0.14358393 0.34075969]


Iteration [59]: 2024-05-28 22:24:30
Best score: 21.78265614401312
Best params: [0.40300171 1.35363936 1.09325765 1.25113621 0.14358393 0.34075969]


Iteration [60]: 2024-05-28 22:24:35
Best score: 21.78265614401312
Best params: [0.40300171 1.35363936 1.09325765 1.25113621 0.14358393 0.34075969]


Iteration [61]: 2024-05-28 22:24:41
Best score: 21.78265614401312
Best params: [0.40300171 1.35363936 1.09325765 1.25113621 0.14358393 0.34075969]


Iteration [62]: 2024-05-28 22:24:46
Best score: 21.78265614401312
Best params: [0.40300171 1.35363936 1.09325765 1.25113621 0.14358393 0.34075969]


Iteration [63]: 2024-05-28 22:24:52
Best score: 21.78265614401312
Best params: [0.40300171 1.35363936 1.09325765 1.25113621 0.14358393 0.34075969]


Iteration [64]: 2024-05-28 22:24:58
Best score: 21.78265614401312
Best params: [0.40300171 1.35363936 1.09325765 1.25113621 0.14358393 0.34075969]


Iteration [65]: 2024-05-28 22:25:03
Best score: 21.78265614401312
Best params: [0.40300171 1.35363936 1.09325765 1.25113621 0.14358393 0.34075969]


Iteration [66]: 2024-05-28 22:25:09
Best score: 21.78265614401312
Best params: [0.40300171 1.35363936 1.09325765 1.25113621 0.14358393 0.34075969]


Iteration [67]: 2024-05-28 22:25:15
Best score: 21.78265614401312
Best params: [0.40300171 1.35363936 1.09325765 1.25113621 0.14358393 0.34075969]


Iteration [68]: 2024-05-28 22:25:20
Best score: 21.78265614401312
Best params: [0.40300171 1.35363936 1.09325765 1.25113621 0.14358393 0.34075969]


Iteration [69]: 2024-05-28 22:25:26
Best score: 21.78265614401312
Best params: [0.40300171 1.35363936 1.09325765 1.25113621 0.14358393 0.34075969]


Iteration [70]: 2024-05-28 22:25:32
Best score: 21.78265614401312
Best params: [0.40300171 1.35363936 1.09325765 1.25113621 0.14358393 0.34075969]


Iteration [71]: 2024-05-28 22:25:37
Best score: 21.78265614401312
Best params: [0.40300171 1.35363936 1.09325765 1.25113621 0.14358393 0.34075969]


Iteration [72]: 2024-05-28 22:25:43
Best score: 21.78265614401312
Best params: [0.40300171 1.35363936 1.09325765 1.25113621 0.14358393 0.34075969]


Iteration [73]: 2024-05-28 22:25:48
Best score: 21.78265614401312
Best params: [0.40300171 1.35363936 1.09325765 1.25113621 0.14358393 0.34075969]


Iteration [74]: 2024-05-28 22:25:54
Best score: 21.78265614401312
Best params: [0.40300171 1.35363936 1.09325765 1.25113621 0.14358393 0.34075969]


Iteration [75]: 2024-05-28 22:25:59
Best score: 21.78265614401312
Best params: [0.40300171 1.35363936 1.09325765 1.25113621 0.14358393 0.34075969]


Iteration [76]: 2024-05-28 22:26:05
Best score: 21.78265614401312
Best params: [0.40300171 1.35363936 1.09325765 1.25113621 0.14358393 0.34075969]


Iteration [77]: 2024-05-28 22:26:11
Best score: 21.78265614401312
Best params: [0.40300171 1.35363936 1.09325765 1.25113621 0.14358393 0.34075969]


Iteration [78]: 2024-05-28 22:26:16
Best score: 21.78265614401312
Best params: [0.40300171 1.35363936 1.09325765 1.25113621 0.14358393 0.34075969]


Iteration [79]: 2024-05-28 22:26:22
Best score: 21.78265614401312
Best params: [0.40300171 1.35363936 1.09325765 1.25113621 0.14358393 0.34075969]


Iteration [80]: 2024-05-28 22:26:28
Best score: 21.78265614401312
Best params: [0.40300171 1.35363936 1.09325765 1.25113621 0.14358393 0.34075969]


Iteration [81]: 2024-05-28 22:26:33
Best score: 21.78265614401312
Best params: [0.40300171 1.35363936 1.09325765 1.25113621 0.14358393 0.34075969]


Iteration [82]: 2024-05-28 22:26:39
Best score: 21.78265614401312
Best params: [0.40300171 1.35363936 1.09325765 1.25113621 0.14358393 0.34075969]


Iteration [83]: 2024-05-28 22:26:44
Best score: 21.78265614401312
Best params: [0.40300171 1.35363936 1.09325765 1.25113621 0.14358393 0.34075969]


Iteration [84]: 2024-05-28 22:26:50
Best score: 21.78265614401312
Best params: [0.40300171 1.35363936 1.09325765 1.25113621 0.14358393 0.34075969]


Iteration [85]: 2024-05-28 22:26:56
Best score: 21.78265614401312
Best params: [0.40300171 1.35363936 1.09325765 1.25113621 0.14358393 0.34075969]


Iteration [86]: 2024-05-28 22:27:01
Best score: 21.78265614401312
Best params: [0.40300171 1.35363936 1.09325765 1.25113621 0.14358393 0.34075969]


Iteration [87]: 2024-05-28 22:27:07
Best score: 21.78265614401312
Best params: [0.40300171 1.35363936 1.09325765 1.25113621 0.14358393 0.34075969]


Iteration [88]: 2024-05-28 22:27:12
Best score: 21.78265614401312
Best params: [0.40300171 1.35363936 1.09325765 1.25113621 0.14358393 0.34075969]


Iteration [89]: 2024-05-28 22:27:18
Best score: 21.78265614401312
Best params: [0.40300171 1.35363936 1.09325765 1.25113621 0.14358393 0.34075969]


Iteration [90]: 2024-05-28 22:27:24
Best score: 21.78265614401312
Best params: [0.40300171 1.35363936 1.09325765 1.25113621 0.14358393 0.34075969]


Iteration [91]: 2024-05-28 22:27:29
Best score: 21.78265614401312
Best params: [0.40300171 1.35363936 1.09325765 1.25113621 0.14358393 0.34075969]


Iteration [92]: 2024-05-28 22:27:35
Best score: 21.78265614401312
Best params: [0.40300171 1.35363936 1.09325765 1.25113621 0.14358393 0.34075969]


Iteration [93]: 2024-05-28 22:27:41
Best score: 21.78265614401312
Best params: [0.40300171 1.35363936 1.09325765 1.25113621 0.14358393 0.34075969]


Iteration [94]: 2024-05-28 22:27:46
Best score: 21.78265614401312
Best params: [0.40300171 1.35363936 1.09325765 1.25113621 0.14358393 0.34075969]


Iteration [95]: 2024-05-28 22:27:52
Best score: 21.78265614401312
Best params: [0.40300171 1.35363936 1.09325765 1.25113621 0.14358393 0.34075969]


Iteration [96]: 2024-05-28 22:27:58
Best score: 21.78265614401312
Best params: [0.40300171 1.35363936 1.09325765 1.25113621 0.14358393 0.34075969]


Iteration [97]: 2024-05-28 22:28:03
Best score: 21.78265614401312
Best params: [0.40300171 1.35363936 1.09325765 1.25113621 0.14358393 0.34075969]


Iteration [98]: 2024-05-28 22:28:09
Best score: 21.78265614401312
Best params: [0.40300171 1.35363936 1.09325765 1.25113621 0.14358393 0.34075969]


Iteration [99]: 2024-05-28 22:28:14
Best score: 21.78265614401312
Best params: [0.40300171 1.35363936 1.09325765 1.25113621 0.14358393 0.34075969]
