

Iteration [0]: 2024-05-28 17:03:47
Best score improved: *--> 28.489485629492393 <--*
Best params: [0.42279977 0.57458343 0.9459209  1.25243311 0.37055292 0.9056813 ]


Iteration [1]: 2024-05-28 17:03:53
Best score improved: *--> 26.89122469536315 <--*
Best params: [0.39258767 0.78690544 1.24868276 1.011349   0.46147619 0.90725238]


Iteration [2]: 2024-05-28 17:03:59
Best score improved: *--> 26.44218570961004 <--*
Best params: [0.40476288 0.65964406 1.10546161 0.87845579 0.37413467 0.83982911]


Iteration [3]: 2024-05-28 17:04:05
Best score: 26.44218570961004
Best params: [0.40476288 0.65964406 1.10546161 0.87845579 0.37413467 0.83982911]


Iteration [4]: 2024-05-28 17:04:11
Best score improved: *--> 26.239210500166507 <--*
Best params: [0.43328268 0.71648539 1.17080154 0.88315494 0.34378437 0.96669305]


Iteration [5]: 2024-05-28 17:04:17
Best score improved: *--> 25.246666156699987 <--*
Best params: [0.47579617 0.50480398 0.99659489 1.03487829 0.29358508 0.95947328]


Iteration [6]: 2024-05-28 17:04:24
Best score: 25.246666156699987
Best params: [0.47579617 0.50480398 0.99659489 1.03487829 0.29358508 0.95947328]


Iteration [7]: 2024-05-28 17:04:30
Best score: 25.246666156699987
Best params: [0.47579617 0.50480398 0.99659489 1.03487829 0.29358508 0.95947328]


Iteration [8]: 2024-05-28 17:04:36
Best score improved: *--> 23.120589693139397 <--*
Best params: [0.46425324 0.52181506 1.01865558 0.9224607  0.29557353 0.93181511]


Iteration [9]: 2024-05-28 17:04:42
Best score improved: *--> 22.77605705829358 <--*
Best params: [0.4853984  0.54870564 1.01928088 0.92858638 0.30621236 0.90843223]


Iteration [10]: 2024-05-28 17:04:48
Best score: 22.77605705829358
Best params: [0.4853984  0.54870564 1.01928088 0.92858638 0.30621236 0.90843223]


Iteration [11]: 2024-05-28 17:04:53
Best score: 22.77605705829358
Best params: [0.4853984  0.54870564 1.01928088 0.92858638 0.30621236 0.90843223]


Iteration [12]: 2024-05-28 17:04:59
Best score: 22.77605705829358
Best params: [0.4853984  0.54870564 1.01928088 0.92858638 0.30621236 0.90843223]


Iteration [13]: 2024-05-28 17:05:04
Best score: 22.77605705829358
Best params: [0.4853984  0.54870564 1.01928088 0.92858638 0.30621236 0.90843223]


Iteration [14]: 2024-05-28 17:05:10
Best score: 22.77605705829358
Best params: [0.4853984  0.54870564 1.01928088 0.92858638 0.30621236 0.90843223]


Iteration [15]: 2024-05-28 17:05:15
Best score: 22.77605705829358
Best params: [0.4853984  0.54870564 1.01928088 0.92858638 0.30621236 0.90843223]


Iteration [16]: 2024-05-28 17:05:21
Best score: 22.77605705829358
Best params: [0.4853984  0.54870564 1.01928088 0.92858638 0.30621236 0.90843223]


Iteration [17]: 2024-05-28 17:05:26
Best score: 22.77605705829358
Best params: [0.4853984  0.54870564 1.01928088 0.92858638 0.30621236 0.90843223]


Iteration [18]: 2024-05-28 17:05:32
Best score: 22.77605705829358
Best params: [0.4853984  0.54870564 1.01928088 0.92858638 0.30621236 0.90843223]


Iteration [19]: 2024-05-28 17:05:37
Best score: 22.77605705829358
Best params: [0.4853984  0.54870564 1.01928088 0.92858638 0.30621236 0.90843223]


Iteration [20]: 2024-05-28 17:05:42
Best score: 22.77605705829358
Best params: [0.4853984  0.54870564 1.01928088 0.92858638 0.30621236 0.90843223]


Iteration [21]: 2024-05-28 17:05:48
Best score: 22.77605705829358
Best params: [0.4853984  0.54870564 1.01928088 0.92858638 0.30621236 0.90843223]


Iteration [22]: 2024-05-28 17:05:53
Best score: 22.77605705829358
Best params: [0.4853984  0.54870564 1.01928088 0.92858638 0.30621236 0.90843223]


Iteration [23]: 2024-05-28 17:05:59
Best score: 22.77605705829358
Best params: [0.4853984  0.54870564 1.01928088 0.92858638 0.30621236 0.90843223]


Iteration [24]: 2024-05-28 17:06:04
Best score: 22.77605705829358
Best params: [0.4853984  0.54870564 1.01928088 0.92858638 0.30621236 0.90843223]


Iteration [25]: 2024-05-28 17:06:10
Best score: 22.77605705829358
Best params: [0.4853984  0.54870564 1.01928088 0.92858638 0.30621236 0.90843223]


Iteration [26]: 2024-05-28 17:06:15
Best score: 22.77605705829358
Best params: [0.4853984  0.54870564 1.01928088 0.92858638 0.30621236 0.90843223]


Iteration [27]: 2024-05-28 17:06:21
Best score: 22.77605705829358
Best params: [0.4853984  0.54870564 1.01928088 0.92858638 0.30621236 0.90843223]


Iteration [28]: 2024-05-28 17:06:26
Best score: 22.77605705829358
Best params: [0.4853984  0.54870564 1.01928088 0.92858638 0.30621236 0.90843223]


Iteration [29]: 2024-05-28 17:06:32
Best score: 22.77605705829358
Best params: [0.4853984  0.54870564 1.01928088 0.92858638 0.30621236 0.90843223]


Iteration [30]: 2024-05-28 17:06:37
Best score: 22.77605705829358
Best params: [0.4853984  0.54870564 1.01928088 0.92858638 0.30621236 0.90843223]


Iteration [31]: 2024-05-28 17:06:43
Best score: 22.77605705829358
Best params: [0.4853984  0.54870564 1.01928088 0.92858638 0.30621236 0.90843223]


Iteration [32]: 2024-05-28 17:06:48
Best score: 22.77605705829358
Best params: [0.4853984  0.54870564 1.01928088 0.92858638 0.30621236 0.90843223]


Iteration [33]: 2024-05-28 17:06:54
Best score: 22.77605705829358
Best params: [0.4853984  0.54870564 1.01928088 0.92858638 0.30621236 0.90843223]


Iteration [34]: 2024-05-28 17:06:59
Best score: 22.77605705829358
Best params: [0.4853984  0.54870564 1.01928088 0.92858638 0.30621236 0.90843223]


Iteration [35]: 2024-05-28 17:07:04
Best score: 22.77605705829358
Best params: [0.4853984  0.54870564 1.01928088 0.92858638 0.30621236 0.90843223]


Iteration [36]: 2024-05-28 17:07:10
Best score: 22.77605705829358
Best params: [0.4853984  0.54870564 1.01928088 0.92858638 0.30621236 0.90843223]


Iteration [37]: 2024-05-28 17:07:15
Best score: 22.77605705829358
Best params: [0.4853984  0.54870564 1.01928088 0.92858638 0.30621236 0.90843223]


Iteration [38]: 2024-05-28 17:07:21
Best score: 22.77605705829358
Best params: [0.4853984  0.54870564 1.01928088 0.92858638 0.30621236 0.90843223]


Iteration [39]: 2024-05-28 17:07:26
Best score: 22.77605705829358
Best params: [0.4853984  0.54870564 1.01928088 0.92858638 0.30621236 0.90843223]


Iteration [40]: 2024-05-28 17:07:32
Best score: 22.77605705829358
Best params: [0.4853984  0.54870564 1.01928088 0.92858638 0.30621236 0.90843223]


Iteration [41]: 2024-05-28 17:07:37
Best score: 22.77605705829358
Best params: [0.4853984  0.54870564 1.01928088 0.92858638 0.30621236 0.90843223]


Iteration [42]: 2024-05-28 17:07:43
Best score: 22.77605705829358
Best params: [0.4853984  0.54870564 1.01928088 0.92858638 0.30621236 0.90843223]


Iteration [43]: 2024-05-28 17:07:48
Best score: 22.77605705829358
Best params: [0.4853984  0.54870564 1.01928088 0.92858638 0.30621236 0.90843223]


Iteration [44]: 2024-05-28 17:07:54
Best score: 22.77605705829358
Best params: [0.4853984  0.54870564 1.01928088 0.92858638 0.30621236 0.90843223]


Iteration [45]: 2024-05-28 17:07:59
Best score: 22.77605705829358
Best params: [0.4853984  0.54870564 1.01928088 0.92858638 0.30621236 0.90843223]


Iteration [46]: 2024-05-28 17:08:05
Best score: 22.77605705829358
Best params: [0.4853984  0.54870564 1.01928088 0.92858638 0.30621236 0.90843223]


Iteration [47]: 2024-05-28 17:08:10
Best score: 22.77605705829358
Best params: [0.4853984  0.54870564 1.01928088 0.92858638 0.30621236 0.90843223]


Iteration [48]: 2024-05-28 17:08:16
Best score: 22.77605705829358
Best params: [0.4853984  0.54870564 1.01928088 0.92858638 0.30621236 0.90843223]


Iteration [49]: 2024-05-28 17:08:21
Best score: 22.77605705829358
Best params: [0.4853984  0.54870564 1.01928088 0.92858638 0.30621236 0.90843223]


Iteration [50]: 2024-05-28 17:08:27
Best score: 22.77605705829358
Best params: [0.4853984  0.54870564 1.01928088 0.92858638 0.30621236 0.90843223]


Iteration [51]: 2024-05-28 17:08:32
Best score: 22.77605705829358
Best params: [0.4853984  0.54870564 1.01928088 0.92858638 0.30621236 0.90843223]


Iteration [52]: 2024-05-28 17:08:38
Best score: 22.77605705829358
Best params: [0.4853984  0.54870564 1.01928088 0.92858638 0.30621236 0.90843223]


Iteration [53]: 2024-05-28 17:08:43
Best score: 22.77605705829358
Best params: [0.4853984  0.54870564 1.01928088 0.92858638 0.30621236 0.90843223]


Iteration [54]: 2024-05-28 17:08:49
Best score: 22.77605705829358
Best params: [0.4853984  0.54870564 1.01928088 0.92858638 0.30621236 0.90843223]


Iteration [55]: 2024-05-28 17:08:54
Best score: 22.77605705829358
Best params: [0.4853984  0.54870564 1.01928088 0.92858638 0.30621236 0.90843223]


Iteration [56]: 2024-05-28 17:09:00
Best score: 22.77605705829358
Best params: [0.4853984  0.54870564 1.01928088 0.92858638 0.30621236 0.90843223]


Iteration [57]: 2024-05-28 17:09:05
Best score: 22.77605705829358
Best params: [0.4853984  0.54870564 1.01928088 0.92858638 0.30621236 0.90843223]


Iteration [58]: 2024-05-28 17:09:11
Best score improved: *--> 22.72825000533935 <--*
Best params: [0.48697655 0.54945249 1.01688857 0.93213787 0.30815078 0.90533957]


Iteration [59]: 2024-05-28 17:09:16
Best score: 22.72825000533935
Best params: [0.48697655 0.54945249 1.01688857 0.93213787 0.30815078 0.90533957]


Iteration [60]: 2024-05-28 17:09:22
Best score: 22.72825000533935
Best params: [0.48697655 0.54945249 1.01688857 0.93213787 0.30815078 0.90533957]


Iteration [61]: 2024-05-28 17:09:27
Best score: 22.72825000533935
Best params: [0.48697655 0.54945249 1.01688857 0.93213787 0.30815078 0.90533957]


Iteration [62]: 2024-05-28 17:09:33
Best score: 22.72825000533935
Best params: [0.48697655 0.54945249 1.01688857 0.93213787 0.30815078 0.90533957]


Iteration [63]: 2024-05-28 17:09:38
Best score: 22.72825000533935
Best params: [0.48697655 0.54945249 1.01688857 0.93213787 0.30815078 0.90533957]


Iteration [64]: 2024-05-28 17:09:44
Best score: 22.72825000533935
Best params: [0.48697655 0.54945249 1.01688857 0.93213787 0.30815078 0.90533957]


Iteration [65]: 2024-05-28 17:09:49
Best score: 22.72825000533935
Best params: [0.48697655 0.54945249 1.01688857 0.93213787 0.30815078 0.90533957]


Iteration [66]: 2024-05-28 17:09:55
Best score: 22.72825000533935
Best params: [0.48697655 0.54945249 1.01688857 0.93213787 0.30815078 0.90533957]


Iteration [67]: 2024-05-28 17:10:01
Best score: 22.72825000533935
Best params: [0.48697655 0.54945249 1.01688857 0.93213787 0.30815078 0.90533957]


Iteration [68]: 2024-05-28 17:10:06
Best score: 22.72825000533935
Best params: [0.48697655 0.54945249 1.01688857 0.93213787 0.30815078 0.90533957]


Iteration [69]: 2024-05-28 17:10:12
Best score: 22.72825000533935
Best params: [0.48697655 0.54945249 1.01688857 0.93213787 0.30815078 0.90533957]


Iteration [70]: 2024-05-28 17:10:17
Best score: 22.72825000533935
Best params: [0.48697655 0.54945249 1.01688857 0.93213787 0.30815078 0.90533957]


Iteration [71]: 2024-05-28 17:10:22
Best score: 22.72825000533935
Best params: [0.48697655 0.54945249 1.01688857 0.93213787 0.30815078 0.90533957]


Iteration [72]: 2024-05-28 17:10:28
Best score: 22.72825000533935
Best params: [0.48697655 0.54945249 1.01688857 0.93213787 0.30815078 0.90533957]


Iteration [73]: 2024-05-28 17:10:33
Best score: 22.72825000533935
Best params: [0.48697655 0.54945249 1.01688857 0.93213787 0.30815078 0.90533957]


Iteration [74]: 2024-05-28 17:10:39
Best score: 22.72825000533935
Best params: [0.48697655 0.54945249 1.01688857 0.93213787 0.30815078 0.90533957]


Iteration [75]: 2024-05-28 17:10:44
Best score: 22.72825000533935
Best params: [0.48697655 0.54945249 1.01688857 0.93213787 0.30815078 0.90533957]


Iteration [76]: 2024-05-28 17:10:50
Best score: 22.72825000533935
Best params: [0.48697655 0.54945249 1.01688857 0.93213787 0.30815078 0.90533957]


Iteration [77]: 2024-05-28 17:10:55
Best score: 22.72825000533935
Best params: [0.48697655 0.54945249 1.01688857 0.93213787 0.30815078 0.90533957]


Iteration [78]: 2024-05-28 17:11:00
Best score: 22.72825000533935
Best params: [0.48697655 0.54945249 1.01688857 0.93213787 0.30815078 0.90533957]


Iteration [79]: 2024-05-28 17:11:06
Best score: 22.72825000533935
Best params: [0.48697655 0.54945249 1.01688857 0.93213787 0.30815078 0.90533957]


Iteration [80]: 2024-05-28 17:11:11
Best score: 22.72825000533935
Best params: [0.48697655 0.54945249 1.01688857 0.93213787 0.30815078 0.90533957]


Iteration [81]: 2024-05-28 17:11:17
Best score: 22.72825000533935
Best params: [0.48697655 0.54945249 1.01688857 0.93213787 0.30815078 0.90533957]


Iteration [82]: 2024-05-28 17:11:22
Best score: 22.72825000533935
Best params: [0.48697655 0.54945249 1.01688857 0.93213787 0.30815078 0.90533957]


Iteration [83]: 2024-05-28 17:11:27
Best score: 22.72825000533935
Best params: [0.48697655 0.54945249 1.01688857 0.93213787 0.30815078 0.90533957]


Iteration [84]: 2024-05-28 17:11:33
Best score: 22.72825000533935
Best params: [0.48697655 0.54945249 1.01688857 0.93213787 0.30815078 0.90533957]


Iteration [85]: 2024-05-28 17:11:38
Best score: 22.72825000533935
Best params: [0.48697655 0.54945249 1.01688857 0.93213787 0.30815078 0.90533957]


Iteration [86]: 2024-05-28 17:11:43
Best score: 22.72825000533935
Best params: [0.48697655 0.54945249 1.01688857 0.93213787 0.30815078 0.90533957]


Iteration [87]: 2024-05-28 17:11:49
Best score: 22.72825000533935
Best params: [0.48697655 0.54945249 1.01688857 0.93213787 0.30815078 0.90533957]


Iteration [88]: 2024-05-28 17:11:54
Best score: 22.72825000533935
Best params: [0.48697655 0.54945249 1.01688857 0.93213787 0.30815078 0.90533957]


Iteration [89]: 2024-05-28 17:12:00
Best score: 22.72825000533935
Best params: [0.48697655 0.54945249 1.01688857 0.93213787 0.30815078 0.90533957]


Iteration [90]: 2024-05-28 17:12:05
Best score: 22.72825000533935
Best params: [0.48697655 0.54945249 1.01688857 0.93213787 0.30815078 0.90533957]


Iteration [91]: 2024-05-28 17:12:11
Best score: 22.72825000533935
Best params: [0.48697655 0.54945249 1.01688857 0.93213787 0.30815078 0.90533957]


Iteration [92]: 2024-05-28 17:12:16
Best score: 22.72825000533935
Best params: [0.48697655 0.54945249 1.01688857 0.93213787 0.30815078 0.90533957]


Iteration [93]: 2024-05-28 17:12:21
Best score: 22.72825000533935
Best params: [0.48697655 0.54945249 1.01688857 0.93213787 0.30815078 0.90533957]


Iteration [94]: 2024-05-28 17:12:27
Best score: 22.72825000533935
Best params: [0.48697655 0.54945249 1.01688857 0.93213787 0.30815078 0.90533957]


Iteration [95]: 2024-05-28 17:12:32
Best score: 22.72825000533935
Best params: [0.48697655 0.54945249 1.01688857 0.93213787 0.30815078 0.90533957]


Iteration [96]: 2024-05-28 17:12:37
Best score: 22.72825000533935
Best params: [0.48697655 0.54945249 1.01688857 0.93213787 0.30815078 0.90533957]


Iteration [97]: 2024-05-28 17:12:43
Best score: 22.72825000533935
Best params: [0.48697655 0.54945249 1.01688857 0.93213787 0.30815078 0.90533957]


Iteration [98]: 2024-05-28 17:12:48
Best score: 22.72825000533935
Best params: [0.48697655 0.54945249 1.01688857 0.93213787 0.30815078 0.90533957]


Iteration [99]: 2024-05-28 17:12:54
Best score: 22.72825000533935
Best params: [0.48697655 0.54945249 1.01688857 0.93213787 0.30815078 0.90533957]
