

Iteration [0]: 2024-05-28 16:56:46
Best score: 31.06548705762275
Best params: [0.42807053 1.72877154 1.88819924 1.96837453 0.01259832 0.82848396]


Iteration [1]: 2024-05-28 16:56:52
Best score improved: *--> 28.098449779609183 <--*
Best params: [0.40530231 1.81592035 1.92345564 1.87911142 0.0426939  0.76339691]


Iteration [2]: 2024-05-28 16:56:57
Best score improved: *--> 27.58004885779512 <--*
Best params: [0.21428069 1.74926998 1.85088939 1.90799397 0.03411672 1.16670225]


Iteration [3]: 2024-05-28 16:57:04
Best score improved: *--> 27.444089499374268 <--*
Best params: [0.19527756 1.77861533 1.86634202 1.90431895 0.02835327 1.21765377]


Iteration [4]: 2024-05-28 16:57:10
Best score improved: *--> 26.724677302154987 <--*
Best params: [0.23751395 1.69493408 1.84212887 1.90911124 0.03584622 1.20014831]


Iteration [5]: 2024-05-28 16:57:17
Best score: 26.724677302154987
Best params: [0.23751395 1.69493408 1.84212887 1.90911124 0.03584622 1.20014831]


Iteration [6]: 2024-05-28 16:57:23
Best score improved: *--> 25.565019177677975 <--*
Best params: [0.17750247 1.67457323 1.93619997 1.95190696 0.027705   1.20292471]


Iteration [7]: 2024-05-28 16:57:30
Best score: 25.565019177677975
Best params: [0.17750247 1.67457323 1.93619997 1.95190696 0.027705   1.20292471]


Iteration [8]: 2024-05-28 16:57:36
Best score: 25.565019177677975
Best params: [0.17750247 1.67457323 1.93619997 1.95190696 0.027705   1.20292471]


Iteration [9]: 2024-05-28 16:57:43
Best score: 25.565019177677975
Best params: [0.17750247 1.67457323 1.93619997 1.95190696 0.027705   1.20292471]


Iteration [10]: 2024-05-28 16:57:50
Best score: 25.565019177677975
Best params: [0.17750247 1.67457323 1.93619997 1.95190696 0.027705   1.20292471]
